{"/Users/tachi/Desktop/bootcamp/collab/skylab-bootcamp-201901/staff/tachi-fernandez/TimeTo/TimeTo-api/src/logic/index.spec.js":{"path":"/Users/tachi/Desktop/bootcamp/collab/skylab-bootcamp-201901/staff/tachi-fernandez/TimeTo/TimeTo-api/src/logic/index.spec.js","statementMap":{"0":{"start":{"line":3,"column":0},"end":{"line":3,"column":26}},"1":{"start":{"line":5,"column":0},"end":{"line":5,"column":27}},"2":{"start":{"line":9,"column":4},"end":{"line":9,"column":23}},"3":{"start":{"line":19,"column":6},"end":{"line":19,"column":28}},"4":{"start":{"line":22,"column":15},"end":{"line":22,"column":32}},"5":{"start":{"line":23,"column":14},"end":{"line":23,"column":26}},"6":{"start":{"line":24,"column":15},"end":{"line":24,"column":32}},"7":{"start":{"line":25,"column":12},"end":{"line":25,"column":35}},"8":{"start":{"line":27,"column":43},"end":{"line":27,"column":50}},"9":{"start":{"line":29,"column":0},"end":{"line":29,"column":28}},"10":{"start":{"line":31,"column":0},"end":{"line":1417,"column":2}},"11":{"start":{"line":33,"column":4},"end":{"line":33,"column":72}},"12":{"start":{"line":33,"column":17},"end":{"line":33,"column":71}},"13":{"start":{"line":35,"column":4},"end":{"line":40,"column":5}},"14":{"start":{"line":36,"column":8},"end":{"line":39,"column":10}},"15":{"start":{"line":42,"column":4},"end":{"line":266,"column":6}},"16":{"start":{"line":43,"column":21},"end":{"line":43,"column":28}},"17":{"start":{"line":44,"column":24},"end":{"line":44,"column":35}},"18":{"start":{"line":45,"column":25},"end":{"line":45,"column":53}},"19":{"start":{"line":46,"column":20},"end":{"line":46,"column":22}},"20":{"start":{"line":47,"column":28},"end":{"line":47,"column":45}},"21":{"start":{"line":48,"column":22},"end":{"line":48,"column":57}},"22":{"start":{"line":49,"column":25},"end":{"line":49,"column":47}},"23":{"start":{"line":50,"column":32},"end":{"line":50,"column":40}},"24":{"start":{"line":52,"column":8},"end":{"line":69,"column":10}},"25":{"start":{"line":53,"column":23},"end":{"line":53,"column":121}},"26":{"start":{"line":55,"column":12},"end":{"line":55,"column":36}},"27":{"start":{"line":56,"column":12},"end":{"line":56,"column":44}},"28":{"start":{"line":58,"column":25},"end":{"line":58,"column":54}},"29":{"start":{"line":60,"column":12},"end":{"line":60,"column":40}},"30":{"start":{"line":61,"column":12},"end":{"line":61,"column":46}},"31":{"start":{"line":62,"column":12},"end":{"line":62,"column":38}},"32":{"start":{"line":63,"column":12},"end":{"line":63,"column":54}},"33":{"start":{"line":64,"column":12},"end":{"line":64,"column":42}},"34":{"start":{"line":66,"column":26},"end":{"line":66,"column":71}},"35":{"start":{"line":68,"column":12},"end":{"line":68,"column":38}},"36":{"start":{"line":71,"column":8},"end":{"line":85,"column":10}},"37":{"start":{"line":72,"column":25},"end":{"line":72,"column":34}},"38":{"start":{"line":73,"column":28},"end":{"line":73,"column":39}},"39":{"start":{"line":74,"column":29},"end":{"line":74,"column":57}},"40":{"start":{"line":75,"column":24},"end":{"line":75,"column":26}},"41":{"start":{"line":76,"column":32},"end":{"line":76,"column":41}},"42":{"start":{"line":77,"column":26},"end":{"line":77,"column":51}},"43":{"start":{"line":78,"column":29},"end":{"line":78,"column":51}},"44":{"start":{"line":79,"column":36},"end":{"line":79,"column":44}},"45":{"start":{"line":82,"column":12},"end":{"line":84,"column":60}},"46":{"start":{"line":83,"column":16},"end":{"line":83,"column":108}},"47":{"start":{"line":87,"column":8},"end":{"line":101,"column":10}},"48":{"start":{"line":88,"column":25},"end":{"line":88,"column":32}},"49":{"start":{"line":89,"column":28},"end":{"line":89,"column":37}},"50":{"start":{"line":90,"column":29},"end":{"line":90,"column":57}},"51":{"start":{"line":91,"column":24},"end":{"line":91,"column":26}},"52":{"start":{"line":92,"column":32},"end":{"line":92,"column":41}},"53":{"start":{"line":93,"column":26},"end":{"line":93,"column":51}},"54":{"start":{"line":94,"column":29},"end":{"line":94,"column":51}},"55":{"start":{"line":95,"column":36},"end":{"line":95,"column":44}},"56":{"start":{"line":98,"column":12},"end":{"line":100,"column":63}},"57":{"start":{"line":99,"column":16},"end":{"line":99,"column":108}},"58":{"start":{"line":103,"column":8},"end":{"line":117,"column":10}},"59":{"start":{"line":104,"column":25},"end":{"line":104,"column":32}},"60":{"start":{"line":105,"column":28},"end":{"line":105,"column":39}},"61":{"start":{"line":106,"column":29},"end":{"line":106,"column":57}},"62":{"start":{"line":107,"column":24},"end":{"line":107,"column":33}},"63":{"start":{"line":108,"column":32},"end":{"line":108,"column":41}},"64":{"start":{"line":109,"column":26},"end":{"line":109,"column":51}},"65":{"start":{"line":110,"column":29},"end":{"line":110,"column":51}},"66":{"start":{"line":111,"column":36},"end":{"line":111,"column":44}},"67":{"start":{"line":114,"column":12},"end":{"line":116,"column":59}},"68":{"start":{"line":115,"column":16},"end":{"line":115,"column":108}},"69":{"start":{"line":119,"column":8},"end":{"line":133,"column":10}},"70":{"start":{"line":120,"column":25},"end":{"line":120,"column":32}},"71":{"start":{"line":121,"column":28},"end":{"line":121,"column":39}},"72":{"start":{"line":122,"column":29},"end":{"line":122,"column":57}},"73":{"start":{"line":123,"column":24},"end":{"line":123,"column":26}},"74":{"start":{"line":124,"column":32},"end":{"line":124,"column":41}},"75":{"start":{"line":125,"column":26},"end":{"line":125,"column":51}},"76":{"start":{"line":126,"column":29},"end":{"line":126,"column":51}},"77":{"start":{"line":127,"column":36},"end":{"line":127,"column":44}},"78":{"start":{"line":130,"column":12},"end":{"line":132,"column":67}},"79":{"start":{"line":131,"column":16},"end":{"line":131,"column":108}},"80":{"start":{"line":135,"column":8},"end":{"line":149,"column":10}},"81":{"start":{"line":136,"column":25},"end":{"line":136,"column":32}},"82":{"start":{"line":137,"column":28},"end":{"line":137,"column":39}},"83":{"start":{"line":138,"column":29},"end":{"line":138,"column":57}},"84":{"start":{"line":139,"column":24},"end":{"line":139,"column":26}},"85":{"start":{"line":140,"column":32},"end":{"line":140,"column":38}},"86":{"start":{"line":141,"column":26},"end":{"line":141,"column":35}},"87":{"start":{"line":142,"column":29},"end":{"line":142,"column":51}},"88":{"start":{"line":143,"column":36},"end":{"line":143,"column":44}},"89":{"start":{"line":146,"column":12},"end":{"line":148,"column":61}},"90":{"start":{"line":147,"column":16},"end":{"line":147,"column":108}},"91":{"start":{"line":151,"column":8},"end":{"line":165,"column":10}},"92":{"start":{"line":152,"column":25},"end":{"line":152,"column":32}},"93":{"start":{"line":153,"column":28},"end":{"line":153,"column":39}},"94":{"start":{"line":154,"column":29},"end":{"line":154,"column":57}},"95":{"start":{"line":155,"column":24},"end":{"line":155,"column":26}},"96":{"start":{"line":156,"column":32},"end":{"line":156,"column":38}},"97":{"start":{"line":157,"column":26},"end":{"line":157,"column":51}},"98":{"start":{"line":158,"column":29},"end":{"line":158,"column":38}},"99":{"start":{"line":159,"column":36},"end":{"line":159,"column":44}},"100":{"start":{"line":162,"column":12},"end":{"line":164,"column":64}},"101":{"start":{"line":163,"column":16},"end":{"line":163,"column":108}},"102":{"start":{"line":167,"column":8},"end":{"line":181,"column":10}},"103":{"start":{"line":168,"column":25},"end":{"line":168,"column":27}},"104":{"start":{"line":169,"column":28},"end":{"line":169,"column":39}},"105":{"start":{"line":170,"column":29},"end":{"line":170,"column":57}},"106":{"start":{"line":171,"column":24},"end":{"line":171,"column":26}},"107":{"start":{"line":172,"column":32},"end":{"line":172,"column":38}},"108":{"start":{"line":173,"column":26},"end":{"line":173,"column":51}},"109":{"start":{"line":174,"column":29},"end":{"line":174,"column":51}},"110":{"start":{"line":175,"column":36},"end":{"line":175,"column":44}},"111":{"start":{"line":178,"column":12},"end":{"line":180,"column":57}},"112":{"start":{"line":179,"column":16},"end":{"line":179,"column":108}},"113":{"start":{"line":183,"column":8},"end":{"line":197,"column":10}},"114":{"start":{"line":184,"column":25},"end":{"line":184,"column":32}},"115":{"start":{"line":185,"column":28},"end":{"line":185,"column":30}},"116":{"start":{"line":186,"column":29},"end":{"line":186,"column":57}},"117":{"start":{"line":187,"column":24},"end":{"line":187,"column":26}},"118":{"start":{"line":188,"column":32},"end":{"line":188,"column":38}},"119":{"start":{"line":189,"column":26},"end":{"line":189,"column":51}},"120":{"start":{"line":190,"column":29},"end":{"line":190,"column":51}},"121":{"start":{"line":191,"column":36},"end":{"line":191,"column":44}},"122":{"start":{"line":194,"column":12},"end":{"line":196,"column":60}},"123":{"start":{"line":195,"column":16},"end":{"line":195,"column":108}},"124":{"start":{"line":199,"column":8},"end":{"line":213,"column":10}},"125":{"start":{"line":200,"column":25},"end":{"line":200,"column":32}},"126":{"start":{"line":201,"column":28},"end":{"line":201,"column":39}},"127":{"start":{"line":202,"column":29},"end":{"line":202,"column":57}},"128":{"start":{"line":203,"column":24},"end":{"line":203,"column":27}},"129":{"start":{"line":204,"column":32},"end":{"line":204,"column":38}},"130":{"start":{"line":205,"column":26},"end":{"line":205,"column":51}},"131":{"start":{"line":206,"column":29},"end":{"line":206,"column":51}},"132":{"start":{"line":207,"column":36},"end":{"line":207,"column":44}},"133":{"start":{"line":210,"column":12},"end":{"line":212,"column":58}},"134":{"start":{"line":211,"column":16},"end":{"line":211,"column":108}},"135":{"start":{"line":216,"column":8},"end":{"line":230,"column":10}},"136":{"start":{"line":217,"column":25},"end":{"line":217,"column":32}},"137":{"start":{"line":218,"column":28},"end":{"line":218,"column":39}},"138":{"start":{"line":219,"column":29},"end":{"line":219,"column":57}},"139":{"start":{"line":220,"column":24},"end":{"line":220,"column":26}},"140":{"start":{"line":221,"column":32},"end":{"line":221,"column":34}},"141":{"start":{"line":222,"column":26},"end":{"line":222,"column":51}},"142":{"start":{"line":223,"column":29},"end":{"line":223,"column":51}},"143":{"start":{"line":224,"column":36},"end":{"line":224,"column":44}},"144":{"start":{"line":227,"column":12},"end":{"line":229,"column":64}},"145":{"start":{"line":228,"column":16},"end":{"line":228,"column":108}},"146":{"start":{"line":232,"column":8},"end":{"line":246,"column":10}},"147":{"start":{"line":233,"column":25},"end":{"line":233,"column":32}},"148":{"start":{"line":234,"column":28},"end":{"line":234,"column":39}},"149":{"start":{"line":235,"column":29},"end":{"line":235,"column":57}},"150":{"start":{"line":236,"column":24},"end":{"line":236,"column":26}},"151":{"start":{"line":237,"column":32},"end":{"line":237,"column":38}},"152":{"start":{"line":238,"column":26},"end":{"line":238,"column":28}},"153":{"start":{"line":239,"column":29},"end":{"line":239,"column":51}},"154":{"start":{"line":240,"column":36},"end":{"line":240,"column":44}},"155":{"start":{"line":243,"column":12},"end":{"line":245,"column":58}},"156":{"start":{"line":244,"column":16},"end":{"line":244,"column":108}},"157":{"start":{"line":248,"column":8},"end":{"line":262,"column":10}},"158":{"start":{"line":249,"column":25},"end":{"line":249,"column":32}},"159":{"start":{"line":250,"column":28},"end":{"line":250,"column":39}},"160":{"start":{"line":251,"column":29},"end":{"line":251,"column":57}},"161":{"start":{"line":252,"column":24},"end":{"line":252,"column":26}},"162":{"start":{"line":253,"column":32},"end":{"line":253,"column":38}},"163":{"start":{"line":254,"column":26},"end":{"line":254,"column":51}},"164":{"start":{"line":255,"column":29},"end":{"line":255,"column":31}},"165":{"start":{"line":256,"column":36},"end":{"line":256,"column":44}},"166":{"start":{"line":259,"column":12},"end":{"line":261,"column":61}},"167":{"start":{"line":260,"column":16},"end":{"line":260,"column":108}},"168":{"start":{"line":268,"column":4},"end":{"line":329,"column":6}},"169":{"start":{"line":269,"column":21},"end":{"line":269,"column":28}},"170":{"start":{"line":270,"column":24},"end":{"line":270,"column":35}},"171":{"start":{"line":271,"column":25},"end":{"line":271,"column":53}},"172":{"start":{"line":272,"column":20},"end":{"line":272,"column":22}},"173":{"start":{"line":273,"column":28},"end":{"line":273,"column":45}},"174":{"start":{"line":274,"column":22},"end":{"line":274,"column":57}},"175":{"start":{"line":275,"column":25},"end":{"line":275,"column":47}},"176":{"start":{"line":277,"column":8},"end":{"line":280,"column":9}},"177":{"start":{"line":278,"column":12},"end":{"line":279,"column":109}},"178":{"start":{"line":279,"column":30},"end":{"line":279,"column":108}},"179":{"start":{"line":282,"column":8},"end":{"line":287,"column":9}},"180":{"start":{"line":283,"column":12},"end":{"line":286,"column":18}},"181":{"start":{"line":285,"column":20},"end":{"line":285,"column":44}},"182":{"start":{"line":289,"column":8},"end":{"line":297,"column":10}},"183":{"start":{"line":290,"column":26},"end":{"line":290,"column":35}},"184":{"start":{"line":291,"column":29},"end":{"line":291,"column":51}},"185":{"start":{"line":294,"column":12},"end":{"line":296,"column":61}},"186":{"start":{"line":295,"column":16},"end":{"line":295,"column":55}},"187":{"start":{"line":299,"column":8},"end":{"line":307,"column":10}},"188":{"start":{"line":300,"column":26},"end":{"line":300,"column":61}},"189":{"start":{"line":301,"column":29},"end":{"line":301,"column":38}},"190":{"start":{"line":304,"column":12},"end":{"line":306,"column":64}},"191":{"start":{"line":305,"column":16},"end":{"line":305,"column":55}},"192":{"start":{"line":310,"column":8},"end":{"line":318,"column":10}},"193":{"start":{"line":311,"column":26},"end":{"line":311,"column":61}},"194":{"start":{"line":312,"column":29},"end":{"line":312,"column":31}},"195":{"start":{"line":315,"column":12},"end":{"line":317,"column":61}},"196":{"start":{"line":316,"column":16},"end":{"line":316,"column":55}},"197":{"start":{"line":320,"column":8},"end":{"line":328,"column":10}},"198":{"start":{"line":321,"column":26},"end":{"line":321,"column":28}},"199":{"start":{"line":322,"column":29},"end":{"line":322,"column":51}},"200":{"start":{"line":325,"column":12},"end":{"line":327,"column":58}},"201":{"start":{"line":326,"column":16},"end":{"line":326,"column":55}},"202":{"start":{"line":331,"column":4},"end":{"line":383,"column":6}},"203":{"start":{"line":332,"column":21},"end":{"line":332,"column":28}},"204":{"start":{"line":333,"column":24},"end":{"line":333,"column":35}},"205":{"start":{"line":334,"column":25},"end":{"line":334,"column":53}},"206":{"start":{"line":335,"column":20},"end":{"line":335,"column":22}},"207":{"start":{"line":336,"column":28},"end":{"line":336,"column":45}},"208":{"start":{"line":337,"column":22},"end":{"line":337,"column":57}},"209":{"start":{"line":338,"column":25},"end":{"line":338,"column":47}},"210":{"start":{"line":341,"column":8},"end":{"line":345,"column":9}},"211":{"start":{"line":342,"column":12},"end":{"line":344,"column":44}},"212":{"start":{"line":343,"column":30},"end":{"line":343,"column":108}},"213":{"start":{"line":344,"column":32},"end":{"line":344,"column":43}},"214":{"start":{"line":347,"column":8},"end":{"line":360,"column":9}},"215":{"start":{"line":348,"column":12},"end":{"line":359,"column":18}},"216":{"start":{"line":350,"column":20},"end":{"line":350,"column":48}},"217":{"start":{"line":351,"column":20},"end":{"line":351,"column":54}},"218":{"start":{"line":352,"column":20},"end":{"line":352,"column":46}},"219":{"start":{"line":353,"column":20},"end":{"line":353,"column":62}},"220":{"start":{"line":354,"column":20},"end":{"line":354,"column":50}},"221":{"start":{"line":356,"column":20},"end":{"line":356,"column":53}},"222":{"start":{"line":362,"column":8},"end":{"line":369,"column":10}},"223":{"start":{"line":363,"column":27},"end":{"line":363,"column":36}},"224":{"start":{"line":366,"column":12},"end":{"line":368,"column":62}},"225":{"start":{"line":367,"column":16},"end":{"line":367,"column":42}},"226":{"start":{"line":371,"column":8},"end":{"line":378,"column":10}},"227":{"start":{"line":372,"column":27},"end":{"line":372,"column":29}},"228":{"start":{"line":375,"column":12},"end":{"line":377,"column":59}},"229":{"start":{"line":376,"column":16},"end":{"line":376,"column":42}},"230":{"start":{"line":385,"column":4},"end":{"line":449,"column":6}},"231":{"start":{"line":386,"column":21},"end":{"line":386,"column":28}},"232":{"start":{"line":387,"column":24},"end":{"line":387,"column":35}},"233":{"start":{"line":388,"column":25},"end":{"line":388,"column":53}},"234":{"start":{"line":389,"column":20},"end":{"line":389,"column":22}},"235":{"start":{"line":390,"column":28},"end":{"line":390,"column":45}},"236":{"start":{"line":391,"column":22},"end":{"line":391,"column":57}},"237":{"start":{"line":392,"column":25},"end":{"line":392,"column":47}},"238":{"start":{"line":395,"column":8},"end":{"line":399,"column":9}},"239":{"start":{"line":396,"column":12},"end":{"line":398,"column":49}},"240":{"start":{"line":397,"column":30},"end":{"line":397,"column":108}},"241":{"start":{"line":398,"column":32},"end":{"line":398,"column":48}},"242":{"start":{"line":401,"column":8},"end":{"line":416,"column":10}},"243":{"start":{"line":402,"column":12},"end":{"line":402,"column":20}},"244":{"start":{"line":403,"column":12},"end":{"line":414,"column":14}},"245":{"start":{"line":405,"column":16},"end":{"line":405,"column":44}},"246":{"start":{"line":406,"column":16},"end":{"line":406,"column":50}},"247":{"start":{"line":407,"column":16},"end":{"line":407,"column":42}},"248":{"start":{"line":408,"column":16},"end":{"line":408,"column":58}},"249":{"start":{"line":409,"column":16},"end":{"line":409,"column":46}},"250":{"start":{"line":411,"column":16},"end":{"line":411,"column":49}},"251":{"start":{"line":418,"column":8},"end":{"line":424,"column":10}},"252":{"start":{"line":419,"column":32},"end":{"line":419,"column":34}},"253":{"start":{"line":421,"column":12},"end":{"line":423,"column":64}},"254":{"start":{"line":422,"column":16},"end":{"line":422,"column":60}},"255":{"start":{"line":426,"column":8},"end":{"line":432,"column":10}},"256":{"start":{"line":427,"column":29},"end":{"line":427,"column":31}},"257":{"start":{"line":429,"column":12},"end":{"line":431,"column":61}},"258":{"start":{"line":430,"column":16},"end":{"line":430,"column":60}},"259":{"start":{"line":434,"column":8},"end":{"line":440,"column":10}},"260":{"start":{"line":435,"column":29},"end":{"line":435,"column":38}},"261":{"start":{"line":437,"column":12},"end":{"line":439,"column":64}},"262":{"start":{"line":438,"column":16},"end":{"line":438,"column":60}},"263":{"start":{"line":442,"column":8},"end":{"line":448,"column":10}},"264":{"start":{"line":443,"column":32},"end":{"line":443,"column":41}},"265":{"start":{"line":445,"column":12},"end":{"line":447,"column":67}},"266":{"start":{"line":446,"column":16},"end":{"line":446,"column":60}},"267":{"start":{"line":451,"column":4},"end":{"line":595,"column":6}},"268":{"start":{"line":452,"column":21},"end":{"line":452,"column":28}},"269":{"start":{"line":453,"column":24},"end":{"line":453,"column":35}},"270":{"start":{"line":454,"column":25},"end":{"line":454,"column":53}},"271":{"start":{"line":455,"column":20},"end":{"line":455,"column":22}},"272":{"start":{"line":456,"column":28},"end":{"line":456,"column":45}},"273":{"start":{"line":457,"column":22},"end":{"line":457,"column":57}},"274":{"start":{"line":458,"column":25},"end":{"line":458,"column":47}},"275":{"start":{"line":461,"column":8},"end":{"line":467,"column":9}},"276":{"start":{"line":462,"column":12},"end":{"line":466,"column":18}},"277":{"start":{"line":463,"column":30},"end":{"line":463,"column":108}},"278":{"start":{"line":465,"column":20},"end":{"line":465,"column":31}},"279":{"start":{"line":468,"column":8},"end":{"line":482,"column":10}},"280":{"start":{"line":469,"column":23},"end":{"line":469,"column":30}},"281":{"start":{"line":470,"column":26},"end":{"line":470,"column":37}},"282":{"start":{"line":471,"column":22},"end":{"line":471,"column":24}},"283":{"start":{"line":472,"column":30},"end":{"line":472,"column":47}},"284":{"start":{"line":474,"column":12},"end":{"line":480,"column":14}},"285":{"start":{"line":476,"column":16},"end":{"line":476,"column":44}},"286":{"start":{"line":477,"column":16},"end":{"line":477,"column":50}},"287":{"start":{"line":478,"column":16},"end":{"line":478,"column":42}},"288":{"start":{"line":479,"column":16},"end":{"line":479,"column":58}},"289":{"start":{"line":484,"column":8},"end":{"line":494,"column":10}},"290":{"start":{"line":485,"column":23},"end":{"line":485,"column":32}},"291":{"start":{"line":486,"column":26},"end":{"line":486,"column":37}},"292":{"start":{"line":487,"column":22},"end":{"line":487,"column":24}},"293":{"start":{"line":488,"column":30},"end":{"line":488,"column":47}},"294":{"start":{"line":490,"column":12},"end":{"line":492,"column":60}},"295":{"start":{"line":491,"column":16},"end":{"line":491,"column":69}},"296":{"start":{"line":496,"column":8},"end":{"line":506,"column":10}},"297":{"start":{"line":497,"column":23},"end":{"line":497,"column":30}},"298":{"start":{"line":498,"column":26},"end":{"line":498,"column":35}},"299":{"start":{"line":499,"column":22},"end":{"line":499,"column":24}},"300":{"start":{"line":500,"column":30},"end":{"line":500,"column":47}},"301":{"start":{"line":502,"column":12},"end":{"line":504,"column":63}},"302":{"start":{"line":503,"column":16},"end":{"line":503,"column":69}},"303":{"start":{"line":508,"column":8},"end":{"line":518,"column":10}},"304":{"start":{"line":509,"column":23},"end":{"line":509,"column":30}},"305":{"start":{"line":510,"column":26},"end":{"line":510,"column":37}},"306":{"start":{"line":511,"column":22},"end":{"line":511,"column":31}},"307":{"start":{"line":512,"column":30},"end":{"line":512,"column":47}},"308":{"start":{"line":514,"column":12},"end":{"line":516,"column":59}},"309":{"start":{"line":515,"column":16},"end":{"line":515,"column":69}},"310":{"start":{"line":520,"column":8},"end":{"line":530,"column":10}},"311":{"start":{"line":521,"column":23},"end":{"line":521,"column":30}},"312":{"start":{"line":522,"column":26},"end":{"line":522,"column":37}},"313":{"start":{"line":523,"column":22},"end":{"line":523,"column":24}},"314":{"start":{"line":524,"column":30},"end":{"line":524,"column":39}},"315":{"start":{"line":526,"column":12},"end":{"line":528,"column":67}},"316":{"start":{"line":527,"column":16},"end":{"line":527,"column":69}},"317":{"start":{"line":532,"column":8},"end":{"line":542,"column":10}},"318":{"start":{"line":533,"column":23},"end":{"line":533,"column":25}},"319":{"start":{"line":534,"column":26},"end":{"line":534,"column":37}},"320":{"start":{"line":535,"column":22},"end":{"line":535,"column":24}},"321":{"start":{"line":536,"column":30},"end":{"line":536,"column":47}},"322":{"start":{"line":538,"column":12},"end":{"line":540,"column":57}},"323":{"start":{"line":539,"column":16},"end":{"line":539,"column":69}},"324":{"start":{"line":544,"column":8},"end":{"line":554,"column":10}},"325":{"start":{"line":545,"column":23},"end":{"line":545,"column":30}},"326":{"start":{"line":546,"column":26},"end":{"line":546,"column":28}},"327":{"start":{"line":547,"column":22},"end":{"line":547,"column":24}},"328":{"start":{"line":548,"column":30},"end":{"line":548,"column":47}},"329":{"start":{"line":550,"column":12},"end":{"line":552,"column":60}},"330":{"start":{"line":551,"column":16},"end":{"line":551,"column":69}},"331":{"start":{"line":556,"column":8},"end":{"line":566,"column":10}},"332":{"start":{"line":557,"column":23},"end":{"line":557,"column":30}},"333":{"start":{"line":558,"column":26},"end":{"line":558,"column":37}},"334":{"start":{"line":559,"column":22},"end":{"line":559,"column":24}},"335":{"start":{"line":560,"column":30},"end":{"line":560,"column":32}},"336":{"start":{"line":562,"column":12},"end":{"line":564,"column":64}},"337":{"start":{"line":563,"column":16},"end":{"line":563,"column":69}},"338":{"start":{"line":568,"column":8},"end":{"line":579,"column":10}},"339":{"start":{"line":569,"column":23},"end":{"line":569,"column":30}},"340":{"start":{"line":570,"column":26},"end":{"line":570,"column":37}},"341":{"start":{"line":571,"column":22},"end":{"line":571,"column":24}},"342":{"start":{"line":572,"column":30},"end":{"line":572,"column":47}},"343":{"start":{"line":573,"column":25},"end":{"line":573,"column":27}},"344":{"start":{"line":575,"column":12},"end":{"line":577,"column":59}},"345":{"start":{"line":576,"column":16},"end":{"line":576,"column":69}},"346":{"start":{"line":581,"column":8},"end":{"line":592,"column":10}},"347":{"start":{"line":582,"column":23},"end":{"line":582,"column":30}},"348":{"start":{"line":583,"column":26},"end":{"line":583,"column":37}},"349":{"start":{"line":584,"column":22},"end":{"line":584,"column":24}},"350":{"start":{"line":585,"column":30},"end":{"line":585,"column":47}},"351":{"start":{"line":586,"column":25},"end":{"line":586,"column":34}},"352":{"start":{"line":588,"column":12},"end":{"line":590,"column":62}},"353":{"start":{"line":589,"column":16},"end":{"line":589,"column":69}},"354":{"start":{"line":597,"column":4},"end":{"line":639,"column":6}},"355":{"start":{"line":598,"column":21},"end":{"line":598,"column":28}},"356":{"start":{"line":599,"column":24},"end":{"line":599,"column":35}},"357":{"start":{"line":600,"column":25},"end":{"line":600,"column":53}},"358":{"start":{"line":601,"column":20},"end":{"line":601,"column":22}},"359":{"start":{"line":602,"column":28},"end":{"line":602,"column":45}},"360":{"start":{"line":603,"column":22},"end":{"line":603,"column":57}},"361":{"start":{"line":604,"column":25},"end":{"line":604,"column":47}},"362":{"start":{"line":607,"column":8},"end":{"line":613,"column":9}},"363":{"start":{"line":608,"column":12},"end":{"line":612,"column":18}},"364":{"start":{"line":609,"column":30},"end":{"line":609,"column":108}},"365":{"start":{"line":611,"column":20},"end":{"line":611,"column":31}},"366":{"start":{"line":615,"column":8},"end":{"line":620,"column":10}},"367":{"start":{"line":616,"column":12},"end":{"line":619,"column":14}},"368":{"start":{"line":618,"column":16},"end":{"line":618,"column":51}},"369":{"start":{"line":622,"column":8},"end":{"line":629,"column":10}},"370":{"start":{"line":623,"column":27},"end":{"line":623,"column":36}},"371":{"start":{"line":626,"column":12},"end":{"line":628,"column":62}},"372":{"start":{"line":627,"column":16},"end":{"line":627,"column":40}},"373":{"start":{"line":631,"column":8},"end":{"line":638,"column":10}},"374":{"start":{"line":632,"column":27},"end":{"line":632,"column":29}},"375":{"start":{"line":635,"column":12},"end":{"line":637,"column":59}},"376":{"start":{"line":636,"column":16},"end":{"line":636,"column":40}},"377":{"start":{"line":641,"column":4},"end":{"line":861,"column":6}},"378":{"start":{"line":643,"column":21},"end":{"line":643,"column":28}},"379":{"start":{"line":644,"column":24},"end":{"line":644,"column":35}},"380":{"start":{"line":645,"column":25},"end":{"line":645,"column":53}},"381":{"start":{"line":646,"column":20},"end":{"line":646,"column":22}},"382":{"start":{"line":647,"column":28},"end":{"line":647,"column":45}},"383":{"start":{"line":648,"column":22},"end":{"line":648,"column":57}},"384":{"start":{"line":649,"column":25},"end":{"line":649,"column":47}},"385":{"start":{"line":652,"column":8},"end":{"line":658,"column":9}},"386":{"start":{"line":653,"column":12},"end":{"line":657,"column":18}},"387":{"start":{"line":654,"column":30},"end":{"line":654,"column":108}},"388":{"start":{"line":656,"column":20},"end":{"line":656,"column":31}},"389":{"start":{"line":659,"column":8},"end":{"line":671,"column":10}},"390":{"start":{"line":660,"column":26},"end":{"line":660,"column":41}},"391":{"start":{"line":661,"column":32},"end":{"line":661,"column":41}},"392":{"start":{"line":662,"column":25},"end":{"line":662,"column":37}},"393":{"start":{"line":663,"column":25},"end":{"line":663,"column":36}},"394":{"start":{"line":664,"column":28},"end":{"line":664,"column":44}},"395":{"start":{"line":665,"column":29},"end":{"line":665,"column":55}},"396":{"start":{"line":667,"column":12},"end":{"line":670,"column":14}},"397":{"start":{"line":669,"column":16},"end":{"line":669,"column":45}},"398":{"start":{"line":673,"column":8},"end":{"line":685,"column":10}},"399":{"start":{"line":674,"column":27},"end":{"line":674,"column":36}},"400":{"start":{"line":675,"column":26},"end":{"line":675,"column":41}},"401":{"start":{"line":676,"column":32},"end":{"line":676,"column":41}},"402":{"start":{"line":677,"column":25},"end":{"line":677,"column":37}},"403":{"start":{"line":678,"column":25},"end":{"line":678,"column":36}},"404":{"start":{"line":679,"column":28},"end":{"line":679,"column":44}},"405":{"start":{"line":680,"column":29},"end":{"line":680,"column":55}},"406":{"start":{"line":682,"column":12},"end":{"line":684,"column":62}},"407":{"start":{"line":683,"column":16},"end":{"line":683,"column":87}},"408":{"start":{"line":687,"column":8},"end":{"line":698,"column":10}},"409":{"start":{"line":688,"column":26},"end":{"line":688,"column":35}},"410":{"start":{"line":689,"column":32},"end":{"line":689,"column":41}},"411":{"start":{"line":690,"column":25},"end":{"line":690,"column":37}},"412":{"start":{"line":691,"column":25},"end":{"line":691,"column":36}},"413":{"start":{"line":692,"column":28},"end":{"line":692,"column":44}},"414":{"start":{"line":693,"column":29},"end":{"line":693,"column":55}},"415":{"start":{"line":695,"column":12},"end":{"line":697,"column":61}},"416":{"start":{"line":696,"column":16},"end":{"line":696,"column":87}},"417":{"start":{"line":701,"column":8},"end":{"line":712,"column":10}},"418":{"start":{"line":702,"column":26},"end":{"line":702,"column":32}},"419":{"start":{"line":703,"column":32},"end":{"line":703,"column":41}},"420":{"start":{"line":704,"column":25},"end":{"line":704,"column":37}},"421":{"start":{"line":705,"column":25},"end":{"line":705,"column":36}},"422":{"start":{"line":706,"column":28},"end":{"line":706,"column":44}},"423":{"start":{"line":707,"column":29},"end":{"line":707,"column":55}},"424":{"start":{"line":709,"column":12},"end":{"line":711,"column":67}},"425":{"start":{"line":710,"column":16},"end":{"line":710,"column":87}},"426":{"start":{"line":715,"column":8},"end":{"line":726,"column":10}},"427":{"start":{"line":716,"column":26},"end":{"line":716,"column":32}},"428":{"start":{"line":717,"column":32},"end":{"line":717,"column":44}},"429":{"start":{"line":718,"column":25},"end":{"line":718,"column":34}},"430":{"start":{"line":719,"column":25},"end":{"line":719,"column":36}},"431":{"start":{"line":720,"column":28},"end":{"line":720,"column":44}},"432":{"start":{"line":721,"column":29},"end":{"line":721,"column":55}},"433":{"start":{"line":723,"column":12},"end":{"line":725,"column":60}},"434":{"start":{"line":724,"column":16},"end":{"line":724,"column":87}},"435":{"start":{"line":728,"column":8},"end":{"line":739,"column":10}},"436":{"start":{"line":729,"column":26},"end":{"line":729,"column":32}},"437":{"start":{"line":730,"column":32},"end":{"line":730,"column":44}},"438":{"start":{"line":731,"column":25},"end":{"line":731,"column":37}},"439":{"start":{"line":732,"column":25},"end":{"line":732,"column":34}},"440":{"start":{"line":733,"column":28},"end":{"line":733,"column":44}},"441":{"start":{"line":734,"column":29},"end":{"line":734,"column":55}},"442":{"start":{"line":736,"column":12},"end":{"line":738,"column":60}},"443":{"start":{"line":737,"column":16},"end":{"line":737,"column":87}},"444":{"start":{"line":741,"column":8},"end":{"line":752,"column":10}},"445":{"start":{"line":742,"column":26},"end":{"line":742,"column":32}},"446":{"start":{"line":743,"column":32},"end":{"line":743,"column":44}},"447":{"start":{"line":744,"column":25},"end":{"line":744,"column":37}},"448":{"start":{"line":745,"column":25},"end":{"line":745,"column":36}},"449":{"start":{"line":746,"column":28},"end":{"line":746,"column":37}},"450":{"start":{"line":747,"column":29},"end":{"line":747,"column":55}},"451":{"start":{"line":749,"column":12},"end":{"line":751,"column":63}},"452":{"start":{"line":750,"column":16},"end":{"line":750,"column":87}},"453":{"start":{"line":754,"column":8},"end":{"line":765,"column":10}},"454":{"start":{"line":755,"column":26},"end":{"line":755,"column":32}},"455":{"start":{"line":756,"column":32},"end":{"line":756,"column":44}},"456":{"start":{"line":757,"column":25},"end":{"line":757,"column":37}},"457":{"start":{"line":758,"column":25},"end":{"line":758,"column":36}},"458":{"start":{"line":759,"column":28},"end":{"line":759,"column":44}},"459":{"start":{"line":760,"column":29},"end":{"line":760,"column":38}},"460":{"start":{"line":762,"column":12},"end":{"line":764,"column":64}},"461":{"start":{"line":763,"column":16},"end":{"line":763,"column":87}},"462":{"start":{"line":767,"column":8},"end":{"line":778,"column":10}},"463":{"start":{"line":768,"column":26},"end":{"line":768,"column":28}},"464":{"start":{"line":769,"column":32},"end":{"line":769,"column":44}},"465":{"start":{"line":770,"column":25},"end":{"line":770,"column":37}},"466":{"start":{"line":771,"column":25},"end":{"line":771,"column":36}},"467":{"start":{"line":772,"column":28},"end":{"line":772,"column":44}},"468":{"start":{"line":773,"column":29},"end":{"line":773,"column":55}},"469":{"start":{"line":775,"column":12},"end":{"line":777,"column":58}},"470":{"start":{"line":776,"column":16},"end":{"line":776,"column":87}},"471":{"start":{"line":780,"column":8},"end":{"line":792,"column":10}},"472":{"start":{"line":781,"column":27},"end":{"line":781,"column":29}},"473":{"start":{"line":782,"column":26},"end":{"line":782,"column":32}},"474":{"start":{"line":783,"column":32},"end":{"line":783,"column":44}},"475":{"start":{"line":784,"column":25},"end":{"line":784,"column":37}},"476":{"start":{"line":785,"column":25},"end":{"line":785,"column":36}},"477":{"start":{"line":786,"column":28},"end":{"line":786,"column":44}},"478":{"start":{"line":787,"column":29},"end":{"line":787,"column":55}},"479":{"start":{"line":789,"column":12},"end":{"line":791,"column":59}},"480":{"start":{"line":790,"column":16},"end":{"line":790,"column":87}},"481":{"start":{"line":794,"column":8},"end":{"line":805,"column":10}},"482":{"start":{"line":795,"column":26},"end":{"line":795,"column":32}},"483":{"start":{"line":796,"column":32},"end":{"line":796,"column":34}},"484":{"start":{"line":797,"column":25},"end":{"line":797,"column":37}},"485":{"start":{"line":798,"column":25},"end":{"line":798,"column":36}},"486":{"start":{"line":799,"column":28},"end":{"line":799,"column":44}},"487":{"start":{"line":800,"column":29},"end":{"line":800,"column":55}},"488":{"start":{"line":802,"column":12},"end":{"line":804,"column":64}},"489":{"start":{"line":803,"column":16},"end":{"line":803,"column":87}},"490":{"start":{"line":808,"column":8},"end":{"line":819,"column":10}},"491":{"start":{"line":809,"column":26},"end":{"line":809,"column":32}},"492":{"start":{"line":810,"column":32},"end":{"line":810,"column":40}},"493":{"start":{"line":811,"column":25},"end":{"line":811,"column":27}},"494":{"start":{"line":812,"column":25},"end":{"line":812,"column":36}},"495":{"start":{"line":813,"column":28},"end":{"line":813,"column":44}},"496":{"start":{"line":814,"column":29},"end":{"line":814,"column":55}},"497":{"start":{"line":816,"column":12},"end":{"line":818,"column":57}},"498":{"start":{"line":817,"column":16},"end":{"line":817,"column":87}},"499":{"start":{"line":821,"column":8},"end":{"line":832,"column":10}},"500":{"start":{"line":822,"column":26},"end":{"line":822,"column":32}},"501":{"start":{"line":823,"column":32},"end":{"line":823,"column":40}},"502":{"start":{"line":824,"column":25},"end":{"line":824,"column":37}},"503":{"start":{"line":825,"column":25},"end":{"line":825,"column":27}},"504":{"start":{"line":826,"column":28},"end":{"line":826,"column":44}},"505":{"start":{"line":827,"column":29},"end":{"line":827,"column":55}},"506":{"start":{"line":829,"column":12},"end":{"line":831,"column":57}},"507":{"start":{"line":830,"column":16},"end":{"line":830,"column":87}},"508":{"start":{"line":834,"column":8},"end":{"line":845,"column":10}},"509":{"start":{"line":835,"column":26},"end":{"line":835,"column":32}},"510":{"start":{"line":836,"column":32},"end":{"line":836,"column":40}},"511":{"start":{"line":837,"column":25},"end":{"line":837,"column":37}},"512":{"start":{"line":838,"column":25},"end":{"line":838,"column":36}},"513":{"start":{"line":839,"column":28},"end":{"line":839,"column":30}},"514":{"start":{"line":840,"column":29},"end":{"line":840,"column":55}},"515":{"start":{"line":842,"column":12},"end":{"line":844,"column":60}},"516":{"start":{"line":843,"column":16},"end":{"line":843,"column":87}},"517":{"start":{"line":847,"column":8},"end":{"line":858,"column":10}},"518":{"start":{"line":848,"column":26},"end":{"line":848,"column":32}},"519":{"start":{"line":849,"column":32},"end":{"line":849,"column":40}},"520":{"start":{"line":850,"column":25},"end":{"line":850,"column":37}},"521":{"start":{"line":851,"column":25},"end":{"line":851,"column":36}},"522":{"start":{"line":852,"column":28},"end":{"line":852,"column":44}},"523":{"start":{"line":853,"column":29},"end":{"line":853,"column":31}},"524":{"start":{"line":855,"column":12},"end":{"line":857,"column":61}},"525":{"start":{"line":856,"column":16},"end":{"line":856,"column":87}},"526":{"start":{"line":863,"column":4},"end":{"line":939,"column":6}},"527":{"start":{"line":864,"column":21},"end":{"line":864,"column":28}},"528":{"start":{"line":865,"column":24},"end":{"line":865,"column":35}},"529":{"start":{"line":866,"column":25},"end":{"line":866,"column":53}},"530":{"start":{"line":867,"column":20},"end":{"line":867,"column":22}},"531":{"start":{"line":868,"column":28},"end":{"line":868,"column":45}},"532":{"start":{"line":869,"column":22},"end":{"line":869,"column":57}},"533":{"start":{"line":870,"column":25},"end":{"line":870,"column":47}},"534":{"start":{"line":873,"column":8},"end":{"line":892,"column":9}},"535":{"start":{"line":874,"column":12},"end":{"line":891,"column":13}},"536":{"start":{"line":875,"column":26},"end":{"line":875,"column":104}},"537":{"start":{"line":877,"column":16},"end":{"line":877,"column":24}},"538":{"start":{"line":878,"column":20},"end":{"line":878,"column":31}},"539":{"start":{"line":880,"column":34},"end":{"line":880,"column":49}},"540":{"start":{"line":881,"column":40},"end":{"line":881,"column":49}},"541":{"start":{"line":882,"column":33},"end":{"line":882,"column":45}},"542":{"start":{"line":883,"column":33},"end":{"line":883,"column":44}},"543":{"start":{"line":884,"column":36},"end":{"line":884,"column":52}},"544":{"start":{"line":885,"column":37},"end":{"line":885,"column":63}},"545":{"start":{"line":887,"column":20},"end":{"line":887,"column":103}},"546":{"start":{"line":889,"column":20},"end":{"line":889,"column":42}},"547":{"start":{"line":893,"column":8},"end":{"line":901,"column":10}},"548":{"start":{"line":894,"column":10},"end":{"line":900,"column":14}},"549":{"start":{"line":896,"column":16},"end":{"line":896,"column":50}},"550":{"start":{"line":897,"column":16},"end":{"line":897,"column":56}},"551":{"start":{"line":898,"column":16},"end":{"line":898,"column":49}},"552":{"start":{"line":899,"column":16},"end":{"line":899,"column":53}},"553":{"start":{"line":903,"column":8},"end":{"line":910,"column":10}},"554":{"start":{"line":904,"column":27},"end":{"line":904,"column":36}},"555":{"start":{"line":907,"column":12},"end":{"line":909,"column":62}},"556":{"start":{"line":908,"column":16},"end":{"line":908,"column":52}},"557":{"start":{"line":912,"column":8},"end":{"line":919,"column":10}},"558":{"start":{"line":913,"column":28},"end":{"line":913,"column":37}},"559":{"start":{"line":916,"column":12},"end":{"line":918,"column":63}},"560":{"start":{"line":917,"column":16},"end":{"line":917,"column":52}},"561":{"start":{"line":921,"column":8},"end":{"line":928,"column":10}},"562":{"start":{"line":922,"column":28},"end":{"line":922,"column":30}},"563":{"start":{"line":925,"column":12},"end":{"line":927,"column":60}},"564":{"start":{"line":926,"column":16},"end":{"line":926,"column":52}},"565":{"start":{"line":930,"column":8},"end":{"line":937,"column":10}},"566":{"start":{"line":931,"column":27},"end":{"line":931,"column":29}},"567":{"start":{"line":934,"column":12},"end":{"line":936,"column":59}},"568":{"start":{"line":935,"column":16},"end":{"line":935,"column":52}},"569":{"start":{"line":941,"column":4},"end":{"line":1018,"column":6}},"570":{"start":{"line":942,"column":21},"end":{"line":942,"column":28}},"571":{"start":{"line":943,"column":24},"end":{"line":943,"column":35}},"572":{"start":{"line":944,"column":25},"end":{"line":944,"column":53}},"573":{"start":{"line":945,"column":20},"end":{"line":945,"column":22}},"574":{"start":{"line":946,"column":28},"end":{"line":946,"column":45}},"575":{"start":{"line":947,"column":22},"end":{"line":947,"column":57}},"576":{"start":{"line":948,"column":25},"end":{"line":948,"column":47}},"577":{"start":{"line":951,"column":8},"end":{"line":969,"column":9}},"578":{"start":{"line":952,"column":12},"end":{"line":968,"column":13}},"579":{"start":{"line":953,"column":26},"end":{"line":953,"column":104}},"580":{"start":{"line":955,"column":20},"end":{"line":955,"column":31}},"581":{"start":{"line":957,"column":34},"end":{"line":957,"column":49}},"582":{"start":{"line":958,"column":40},"end":{"line":958,"column":49}},"583":{"start":{"line":959,"column":33},"end":{"line":959,"column":45}},"584":{"start":{"line":960,"column":33},"end":{"line":960,"column":44}},"585":{"start":{"line":961,"column":36},"end":{"line":961,"column":52}},"586":{"start":{"line":962,"column":37},"end":{"line":962,"column":63}},"587":{"start":{"line":964,"column":20},"end":{"line":964,"column":103}},"588":{"start":{"line":966,"column":20},"end":{"line":966,"column":62}},"589":{"start":{"line":970,"column":8},"end":{"line":979,"column":10}},"590":{"start":{"line":971,"column":10},"end":{"line":977,"column":14}},"591":{"start":{"line":973,"column":16},"end":{"line":973,"column":46}},"592":{"start":{"line":974,"column":16},"end":{"line":974,"column":57}},"593":{"start":{"line":981,"column":8},"end":{"line":988,"column":10}},"594":{"start":{"line":982,"column":27},"end":{"line":982,"column":36}},"595":{"start":{"line":985,"column":12},"end":{"line":987,"column":62}},"596":{"start":{"line":986,"column":16},"end":{"line":986,"column":51}},"597":{"start":{"line":990,"column":8},"end":{"line":997,"column":10}},"598":{"start":{"line":991,"column":31},"end":{"line":991,"column":40}},"599":{"start":{"line":994,"column":12},"end":{"line":996,"column":66}},"600":{"start":{"line":995,"column":16},"end":{"line":995,"column":51}},"601":{"start":{"line":999,"column":8},"end":{"line":1006,"column":10}},"602":{"start":{"line":1000,"column":27},"end":{"line":1000,"column":29}},"603":{"start":{"line":1003,"column":12},"end":{"line":1005,"column":59}},"604":{"start":{"line":1004,"column":16},"end":{"line":1004,"column":51}},"605":{"start":{"line":1008,"column":8},"end":{"line":1015,"column":10}},"606":{"start":{"line":1009,"column":31},"end":{"line":1009,"column":33}},"607":{"start":{"line":1012,"column":12},"end":{"line":1014,"column":63}},"608":{"start":{"line":1013,"column":16},"end":{"line":1013,"column":51}},"609":{"start":{"line":1020,"column":4},"end":{"line":1091,"column":6}},"610":{"start":{"line":1021,"column":21},"end":{"line":1021,"column":28}},"611":{"start":{"line":1022,"column":24},"end":{"line":1022,"column":35}},"612":{"start":{"line":1023,"column":25},"end":{"line":1023,"column":53}},"613":{"start":{"line":1024,"column":20},"end":{"line":1024,"column":22}},"614":{"start":{"line":1025,"column":28},"end":{"line":1025,"column":45}},"615":{"start":{"line":1026,"column":22},"end":{"line":1026,"column":57}},"616":{"start":{"line":1027,"column":25},"end":{"line":1027,"column":47}},"617":{"start":{"line":1029,"column":20},"end":{"line":1029,"column":28}},"618":{"start":{"line":1031,"column":8},"end":{"line":1046,"column":9}},"619":{"start":{"line":1032,"column":12},"end":{"line":1045,"column":47}},"620":{"start":{"line":1033,"column":26},"end":{"line":1033,"column":104}},"621":{"start":{"line":1035,"column":20},"end":{"line":1035,"column":31}},"622":{"start":{"line":1037,"column":34},"end":{"line":1037,"column":49}},"623":{"start":{"line":1038,"column":40},"end":{"line":1038,"column":49}},"624":{"start":{"line":1039,"column":33},"end":{"line":1039,"column":45}},"625":{"start":{"line":1040,"column":33},"end":{"line":1040,"column":44}},"626":{"start":{"line":1041,"column":36},"end":{"line":1041,"column":52}},"627":{"start":{"line":1042,"column":37},"end":{"line":1042,"column":63}},"628":{"start":{"line":1044,"column":20},"end":{"line":1044,"column":103}},"629":{"start":{"line":1045,"column":37},"end":{"line":1045,"column":46}},"630":{"start":{"line":1047,"column":8},"end":{"line":1054,"column":10}},"631":{"start":{"line":1048,"column":10},"end":{"line":1052,"column":14}},"632":{"start":{"line":1050,"column":16},"end":{"line":1050,"column":46}},"633":{"start":{"line":1056,"column":8},"end":{"line":1063,"column":10}},"634":{"start":{"line":1057,"column":27},"end":{"line":1057,"column":36}},"635":{"start":{"line":1060,"column":12},"end":{"line":1062,"column":62}},"636":{"start":{"line":1061,"column":16},"end":{"line":1061,"column":53}},"637":{"start":{"line":1065,"column":8},"end":{"line":1072,"column":10}},"638":{"start":{"line":1066,"column":26},"end":{"line":1066,"column":35}},"639":{"start":{"line":1069,"column":12},"end":{"line":1071,"column":61}},"640":{"start":{"line":1070,"column":16},"end":{"line":1070,"column":53}},"641":{"start":{"line":1074,"column":8},"end":{"line":1081,"column":10}},"642":{"start":{"line":1075,"column":27},"end":{"line":1075,"column":29}},"643":{"start":{"line":1078,"column":12},"end":{"line":1080,"column":59}},"644":{"start":{"line":1079,"column":16},"end":{"line":1079,"column":53}},"645":{"start":{"line":1083,"column":8},"end":{"line":1090,"column":10}},"646":{"start":{"line":1084,"column":26},"end":{"line":1084,"column":28}},"647":{"start":{"line":1087,"column":12},"end":{"line":1089,"column":58}},"648":{"start":{"line":1088,"column":16},"end":{"line":1088,"column":53}},"649":{"start":{"line":1093,"column":4},"end":{"line":1183,"column":6}},"650":{"start":{"line":1094,"column":21},"end":{"line":1094,"column":28}},"651":{"start":{"line":1095,"column":24},"end":{"line":1095,"column":35}},"652":{"start":{"line":1096,"column":25},"end":{"line":1096,"column":53}},"653":{"start":{"line":1097,"column":20},"end":{"line":1097,"column":22}},"654":{"start":{"line":1098,"column":28},"end":{"line":1098,"column":45}},"655":{"start":{"line":1099,"column":22},"end":{"line":1099,"column":57}},"656":{"start":{"line":1100,"column":25},"end":{"line":1100,"column":47}},"657":{"start":{"line":1103,"column":8},"end":{"line":1120,"column":9}},"658":{"start":{"line":1104,"column":12},"end":{"line":1119,"column":18}},"659":{"start":{"line":1105,"column":26},"end":{"line":1105,"column":104}},"660":{"start":{"line":1107,"column":20},"end":{"line":1107,"column":31}},"661":{"start":{"line":1109,"column":34},"end":{"line":1109,"column":49}},"662":{"start":{"line":1110,"column":40},"end":{"line":1110,"column":49}},"663":{"start":{"line":1111,"column":33},"end":{"line":1111,"column":45}},"664":{"start":{"line":1112,"column":33},"end":{"line":1112,"column":44}},"665":{"start":{"line":1113,"column":36},"end":{"line":1113,"column":52}},"666":{"start":{"line":1114,"column":37},"end":{"line":1114,"column":63}},"667":{"start":{"line":1116,"column":20},"end":{"line":1116,"column":103}},"668":{"start":{"line":1118,"column":20},"end":{"line":1118,"column":44}},"669":{"start":{"line":1121,"column":8},"end":{"line":1129,"column":10}},"670":{"start":{"line":1122,"column":25},"end":{"line":1122,"column":35}},"671":{"start":{"line":1123,"column":12},"end":{"line":1127,"column":14}},"672":{"start":{"line":1125,"column":16},"end":{"line":1125,"column":50}},"673":{"start":{"line":1126,"column":16},"end":{"line":1126,"column":50}},"674":{"start":{"line":1131,"column":8},"end":{"line":1138,"column":10}},"675":{"start":{"line":1132,"column":27},"end":{"line":1132,"column":36}},"676":{"start":{"line":1133,"column":25},"end":{"line":1133,"column":31}},"677":{"start":{"line":1135,"column":12},"end":{"line":1137,"column":62}},"678":{"start":{"line":1136,"column":16},"end":{"line":1136,"column":53}},"679":{"start":{"line":1140,"column":8},"end":{"line":1147,"column":10}},"680":{"start":{"line":1141,"column":28},"end":{"line":1141,"column":37}},"681":{"start":{"line":1142,"column":25},"end":{"line":1142,"column":31}},"682":{"start":{"line":1144,"column":12},"end":{"line":1146,"column":63}},"683":{"start":{"line":1145,"column":16},"end":{"line":1145,"column":53}},"684":{"start":{"line":1149,"column":8},"end":{"line":1155,"column":10}},"685":{"start":{"line":1150,"column":25},"end":{"line":1150,"column":34}},"686":{"start":{"line":1152,"column":12},"end":{"line":1154,"column":60}},"687":{"start":{"line":1153,"column":16},"end":{"line":1153,"column":53}},"688":{"start":{"line":1157,"column":8},"end":{"line":1164,"column":10}},"689":{"start":{"line":1158,"column":27},"end":{"line":1158,"column":29}},"690":{"start":{"line":1159,"column":25},"end":{"line":1159,"column":33}},"691":{"start":{"line":1161,"column":12},"end":{"line":1163,"column":59}},"692":{"start":{"line":1162,"column":16},"end":{"line":1162,"column":53}},"693":{"start":{"line":1166,"column":8},"end":{"line":1173,"column":10}},"694":{"start":{"line":1167,"column":28},"end":{"line":1167,"column":30}},"695":{"start":{"line":1168,"column":25},"end":{"line":1168,"column":33}},"696":{"start":{"line":1170,"column":12},"end":{"line":1172,"column":60}},"697":{"start":{"line":1171,"column":16},"end":{"line":1171,"column":53}},"698":{"start":{"line":1175,"column":8},"end":{"line":1181,"column":10}},"699":{"start":{"line":1176,"column":25},"end":{"line":1176,"column":27}},"700":{"start":{"line":1178,"column":12},"end":{"line":1180,"column":57}},"701":{"start":{"line":1179,"column":16},"end":{"line":1179,"column":53}},"702":{"start":{"line":1185,"column":4},"end":{"line":1251,"column":6}},"703":{"start":{"line":1186,"column":21},"end":{"line":1186,"column":28}},"704":{"start":{"line":1187,"column":24},"end":{"line":1187,"column":35}},"705":{"start":{"line":1188,"column":25},"end":{"line":1188,"column":53}},"706":{"start":{"line":1189,"column":20},"end":{"line":1189,"column":22}},"707":{"start":{"line":1190,"column":28},"end":{"line":1190,"column":45}},"708":{"start":{"line":1191,"column":22},"end":{"line":1191,"column":57}},"709":{"start":{"line":1192,"column":25},"end":{"line":1192,"column":47}},"710":{"start":{"line":1196,"column":8},"end":{"line":1216,"column":44}},"711":{"start":{"line":1197,"column":12},"end":{"line":1216,"column":43}},"712":{"start":{"line":1198,"column":26},"end":{"line":1198,"column":104}},"713":{"start":{"line":1200,"column":20},"end":{"line":1200,"column":31}},"714":{"start":{"line":1202,"column":34},"end":{"line":1202,"column":49}},"715":{"start":{"line":1203,"column":40},"end":{"line":1203,"column":49}},"716":{"start":{"line":1204,"column":33},"end":{"line":1204,"column":45}},"717":{"start":{"line":1205,"column":33},"end":{"line":1205,"column":44}},"718":{"start":{"line":1206,"column":36},"end":{"line":1206,"column":52}},"719":{"start":{"line":1207,"column":37},"end":{"line":1207,"column":63}},"720":{"start":{"line":1209,"column":20},"end":{"line":1209,"column":103}},"721":{"start":{"line":1211,"column":20},"end":{"line":1211,"column":44}},"722":{"start":{"line":1213,"column":33},"end":{"line":1213,"column":42}},"723":{"start":{"line":1215,"column":20},"end":{"line":1215,"column":100}},"724":{"start":{"line":1216,"column":35},"end":{"line":1216,"column":42}},"725":{"start":{"line":1218,"column":16},"end":{"line":1224,"column":18}},"726":{"start":{"line":1219,"column":20},"end":{"line":1223,"column":22}},"727":{"start":{"line":1222,"column":24},"end":{"line":1222,"column":54}},"728":{"start":{"line":1226,"column":16},"end":{"line":1232,"column":18}},"729":{"start":{"line":1227,"column":35},"end":{"line":1227,"column":37}},"730":{"start":{"line":1229,"column":20},"end":{"line":1231,"column":67}},"731":{"start":{"line":1230,"column":24},"end":{"line":1230,"column":58}},"732":{"start":{"line":1234,"column":16},"end":{"line":1240,"column":18}},"733":{"start":{"line":1235,"column":36},"end":{"line":1235,"column":38}},"734":{"start":{"line":1237,"column":20},"end":{"line":1239,"column":73}},"735":{"start":{"line":1238,"column":24},"end":{"line":1238,"column":58}},"736":{"start":{"line":1244,"column":16},"end":{"line":1250,"column":18}},"737":{"start":{"line":1245,"column":35},"end":{"line":1245,"column":44}},"738":{"start":{"line":1247,"column":20},"end":{"line":1249,"column":70}},"739":{"start":{"line":1248,"column":24},"end":{"line":1248,"column":58}},"740":{"start":{"line":1253,"column":4},"end":{"line":1295,"column":6}},"741":{"start":{"line":1254,"column":21},"end":{"line":1254,"column":28}},"742":{"start":{"line":1255,"column":24},"end":{"line":1255,"column":35}},"743":{"start":{"line":1256,"column":25},"end":{"line":1256,"column":53}},"744":{"start":{"line":1257,"column":20},"end":{"line":1257,"column":22}},"745":{"start":{"line":1258,"column":28},"end":{"line":1258,"column":45}},"746":{"start":{"line":1259,"column":22},"end":{"line":1259,"column":57}},"747":{"start":{"line":1260,"column":25},"end":{"line":1260,"column":47}},"748":{"start":{"line":1265,"column":8},"end":{"line":1286,"column":19}},"749":{"start":{"line":1266,"column":12},"end":{"line":1286,"column":18}},"750":{"start":{"line":1267,"column":26},"end":{"line":1267,"column":104}},"751":{"start":{"line":1269,"column":20},"end":{"line":1269,"column":31}},"752":{"start":{"line":1271,"column":34},"end":{"line":1271,"column":49}},"753":{"start":{"line":1272,"column":40},"end":{"line":1272,"column":49}},"754":{"start":{"line":1273,"column":33},"end":{"line":1273,"column":45}},"755":{"start":{"line":1274,"column":33},"end":{"line":1274,"column":44}},"756":{"start":{"line":1275,"column":36},"end":{"line":1275,"column":52}},"757":{"start":{"line":1276,"column":37},"end":{"line":1276,"column":63}},"758":{"start":{"line":1278,"column":20},"end":{"line":1278,"column":103}},"759":{"start":{"line":1280,"column":20},"end":{"line":1280,"column":44}},"760":{"start":{"line":1282,"column":33},"end":{"line":1282,"column":42}},"761":{"start":{"line":1283,"column":20},"end":{"line":1283,"column":100}},"762":{"start":{"line":1285,"column":20},"end":{"line":1285,"column":54}},"763":{"start":{"line":1288,"column":16},"end":{"line":1294,"column":18}},"764":{"start":{"line":1289,"column":20},"end":{"line":1293,"column":22}},"765":{"start":{"line":1291,"column":24},"end":{"line":1291,"column":55}},"766":{"start":{"line":1292,"column":24},"end":{"line":1292,"column":66}},"767":{"start":{"line":1297,"column":4},"end":{"line":1337,"column":6}},"768":{"start":{"line":1298,"column":21},"end":{"line":1298,"column":28}},"769":{"start":{"line":1299,"column":24},"end":{"line":1299,"column":35}},"770":{"start":{"line":1300,"column":25},"end":{"line":1300,"column":53}},"771":{"start":{"line":1301,"column":20},"end":{"line":1301,"column":22}},"772":{"start":{"line":1302,"column":28},"end":{"line":1302,"column":45}},"773":{"start":{"line":1303,"column":22},"end":{"line":1303,"column":57}},"774":{"start":{"line":1304,"column":25},"end":{"line":1304,"column":47}},"775":{"start":{"line":1308,"column":8},"end":{"line":1324,"column":17}},"776":{"start":{"line":1309,"column":12},"end":{"line":1322,"column":72}},"777":{"start":{"line":1310,"column":26},"end":{"line":1310,"column":104}},"778":{"start":{"line":1312,"column":20},"end":{"line":1312,"column":31}},"779":{"start":{"line":1314,"column":34},"end":{"line":1314,"column":49}},"780":{"start":{"line":1315,"column":40},"end":{"line":1315,"column":49}},"781":{"start":{"line":1316,"column":33},"end":{"line":1316,"column":45}},"782":{"start":{"line":1317,"column":33},"end":{"line":1317,"column":44}},"783":{"start":{"line":1318,"column":36},"end":{"line":1318,"column":52}},"784":{"start":{"line":1319,"column":37},"end":{"line":1319,"column":63}},"785":{"start":{"line":1321,"column":20},"end":{"line":1321,"column":103}},"786":{"start":{"line":1322,"column":37},"end":{"line":1322,"column":71}},"787":{"start":{"line":1325,"column":16},"end":{"line":1333,"column":22}},"788":{"start":{"line":1326,"column":20},"end":{"line":1326,"column":28}},"789":{"start":{"line":1327,"column":20},"end":{"line":1332,"column":22}},"790":{"start":{"line":1329,"column":24},"end":{"line":1331,"column":26}},"791":{"start":{"line":1330,"column":28},"end":{"line":1330,"column":57}},"792":{"start":{"line":1339,"column":4},"end":{"line":1400,"column":6}},"793":{"start":{"line":1340,"column":21},"end":{"line":1340,"column":28}},"794":{"start":{"line":1341,"column":24},"end":{"line":1341,"column":35}},"795":{"start":{"line":1342,"column":25},"end":{"line":1342,"column":53}},"796":{"start":{"line":1343,"column":20},"end":{"line":1343,"column":22}},"797":{"start":{"line":1344,"column":28},"end":{"line":1344,"column":45}},"798":{"start":{"line":1345,"column":22},"end":{"line":1345,"column":57}},"799":{"start":{"line":1346,"column":25},"end":{"line":1346,"column":47}},"800":{"start":{"line":1349,"column":8},"end":{"line":1355,"column":9}},"801":{"start":{"line":1350,"column":12},"end":{"line":1354,"column":18}},"802":{"start":{"line":1351,"column":30},"end":{"line":1351,"column":108}},"803":{"start":{"line":1353,"column":20},"end":{"line":1353,"column":31}},"804":{"start":{"line":1357,"column":8},"end":{"line":1364,"column":10}},"805":{"start":{"line":1358,"column":24},"end":{"line":1358,"column":98}},"806":{"start":{"line":1360,"column":12},"end":{"line":1363,"column":14}},"807":{"start":{"line":1362,"column":16},"end":{"line":1362,"column":46}},"808":{"start":{"line":1366,"column":8},"end":{"line":1372,"column":10}},"809":{"start":{"line":1367,"column":24},"end":{"line":1367,"column":26}},"810":{"start":{"line":1369,"column":12},"end":{"line":1371,"column":58}},"811":{"start":{"line":1370,"column":16},"end":{"line":1370,"column":47}},"812":{"start":{"line":1374,"column":8},"end":{"line":1381,"column":10}},"813":{"start":{"line":1375,"column":27},"end":{"line":1375,"column":29}},"814":{"start":{"line":1376,"column":24},"end":{"line":1376,"column":98}},"815":{"start":{"line":1378,"column":12},"end":{"line":1380,"column":59}},"816":{"start":{"line":1379,"column":16},"end":{"line":1379,"column":47}},"817":{"start":{"line":1383,"column":8},"end":{"line":1389,"column":10}},"818":{"start":{"line":1384,"column":24},"end":{"line":1384,"column":33}},"819":{"start":{"line":1386,"column":12},"end":{"line":1388,"column":61}},"820":{"start":{"line":1387,"column":16},"end":{"line":1387,"column":47}},"821":{"start":{"line":1391,"column":8},"end":{"line":1398,"column":10}},"822":{"start":{"line":1392,"column":24},"end":{"line":1392,"column":98}},"823":{"start":{"line":1393,"column":25},"end":{"line":1393,"column":34}},"824":{"start":{"line":1395,"column":12},"end":{"line":1397,"column":62}},"825":{"start":{"line":1396,"column":16},"end":{"line":1396,"column":47}},"826":{"start":{"line":1409,"column":4},"end":{"line":1416,"column":1}},"827":{"start":{"line":1410,"column":4},"end":{"line":1415,"column":42}},"828":{"start":{"line":1415,"column":20},"end":{"line":1415,"column":41}}},"fnMap":{"0":{"name":"(anonymous_0)","decl":{"start":{"line":31,"column":18},"end":{"line":31,"column":19}},"loc":{"start":{"line":31,"column":24},"end":{"line":1417,"column":1}},"line":31},"1":{"name":"(anonymous_1)","decl":{"start":{"line":33,"column":11},"end":{"line":33,"column":12}},"loc":{"start":{"line":33,"column":17},"end":{"line":33,"column":71}},"line":33},"2":{"name":"(anonymous_2)","decl":{"start":{"line":35,"column":15},"end":{"line":35,"column":16}},"loc":{"start":{"line":36,"column":8},"end":{"line":39,"column":10}},"line":36},"3":{"name":"(anonymous_3)","decl":{"start":{"line":42,"column":30},"end":{"line":42,"column":31}},"loc":{"start":{"line":42,"column":36},"end":{"line":266,"column":5}},"line":42},"4":{"name":"(anonymous_4)","decl":{"start":{"line":52,"column":43},"end":{"line":52,"column":44}},"loc":{"start":{"line":52,"column":55},"end":{"line":69,"column":9}},"line":52},"5":{"name":"(anonymous_5)","decl":{"start":{"line":71,"column":44},"end":{"line":71,"column":45}},"loc":{"start":{"line":71,"column":50},"end":{"line":85,"column":9}},"line":71},"6":{"name":"(anonymous_6)","decl":{"start":{"line":82,"column":19},"end":{"line":82,"column":20}},"loc":{"start":{"line":82,"column":25},"end":{"line":84,"column":13}},"line":82},"7":{"name":"(anonymous_7)","decl":{"start":{"line":87,"column":47},"end":{"line":87,"column":48}},"loc":{"start":{"line":87,"column":53},"end":{"line":101,"column":9}},"line":87},"8":{"name":"(anonymous_8)","decl":{"start":{"line":98,"column":19},"end":{"line":98,"column":20}},"loc":{"start":{"line":98,"column":25},"end":{"line":100,"column":13}},"line":98},"9":{"name":"(anonymous_9)","decl":{"start":{"line":103,"column":43},"end":{"line":103,"column":44}},"loc":{"start":{"line":103,"column":49},"end":{"line":117,"column":9}},"line":103},"10":{"name":"(anonymous_10)","decl":{"start":{"line":114,"column":19},"end":{"line":114,"column":20}},"loc":{"start":{"line":114,"column":25},"end":{"line":116,"column":13}},"line":114},"11":{"name":"(anonymous_11)","decl":{"start":{"line":119,"column":51},"end":{"line":119,"column":52}},"loc":{"start":{"line":119,"column":57},"end":{"line":133,"column":9}},"line":119},"12":{"name":"(anonymous_12)","decl":{"start":{"line":130,"column":19},"end":{"line":130,"column":20}},"loc":{"start":{"line":130,"column":25},"end":{"line":132,"column":13}},"line":130},"13":{"name":"(anonymous_13)","decl":{"start":{"line":135,"column":45},"end":{"line":135,"column":46}},"loc":{"start":{"line":135,"column":51},"end":{"line":149,"column":9}},"line":135},"14":{"name":"(anonymous_14)","decl":{"start":{"line":146,"column":19},"end":{"line":146,"column":20}},"loc":{"start":{"line":146,"column":25},"end":{"line":148,"column":13}},"line":146},"15":{"name":"(anonymous_15)","decl":{"start":{"line":151,"column":48},"end":{"line":151,"column":49}},"loc":{"start":{"line":151,"column":54},"end":{"line":165,"column":9}},"line":151},"16":{"name":"(anonymous_16)","decl":{"start":{"line":162,"column":19},"end":{"line":162,"column":20}},"loc":{"start":{"line":162,"column":25},"end":{"line":164,"column":13}},"line":162},"17":{"name":"(anonymous_17)","decl":{"start":{"line":167,"column":40},"end":{"line":167,"column":41}},"loc":{"start":{"line":167,"column":46},"end":{"line":181,"column":9}},"line":167},"18":{"name":"(anonymous_18)","decl":{"start":{"line":178,"column":19},"end":{"line":178,"column":20}},"loc":{"start":{"line":178,"column":25},"end":{"line":180,"column":13}},"line":178},"19":{"name":"(anonymous_19)","decl":{"start":{"line":183,"column":43},"end":{"line":183,"column":44}},"loc":{"start":{"line":183,"column":49},"end":{"line":197,"column":9}},"line":183},"20":{"name":"(anonymous_20)","decl":{"start":{"line":194,"column":19},"end":{"line":194,"column":20}},"loc":{"start":{"line":194,"column":25},"end":{"line":196,"column":13}},"line":194},"21":{"name":"(anonymous_21)","decl":{"start":{"line":199,"column":42},"end":{"line":199,"column":43}},"loc":{"start":{"line":199,"column":48},"end":{"line":213,"column":9}},"line":199},"22":{"name":"(anonymous_22)","decl":{"start":{"line":210,"column":19},"end":{"line":210,"column":20}},"loc":{"start":{"line":210,"column":25},"end":{"line":212,"column":13}},"line":210},"23":{"name":"(anonymous_23)","decl":{"start":{"line":216,"column":47},"end":{"line":216,"column":48}},"loc":{"start":{"line":216,"column":53},"end":{"line":230,"column":9}},"line":216},"24":{"name":"(anonymous_24)","decl":{"start":{"line":227,"column":19},"end":{"line":227,"column":20}},"loc":{"start":{"line":227,"column":25},"end":{"line":229,"column":13}},"line":227},"25":{"name":"(anonymous_25)","decl":{"start":{"line":232,"column":41},"end":{"line":232,"column":42}},"loc":{"start":{"line":232,"column":47},"end":{"line":246,"column":9}},"line":232},"26":{"name":"(anonymous_26)","decl":{"start":{"line":243,"column":19},"end":{"line":243,"column":20}},"loc":{"start":{"line":243,"column":25},"end":{"line":245,"column":13}},"line":243},"27":{"name":"(anonymous_27)","decl":{"start":{"line":248,"column":44},"end":{"line":248,"column":45}},"loc":{"start":{"line":248,"column":50},"end":{"line":262,"column":9}},"line":248},"28":{"name":"(anonymous_28)","decl":{"start":{"line":259,"column":19},"end":{"line":259,"column":20}},"loc":{"start":{"line":259,"column":25},"end":{"line":261,"column":13}},"line":259},"29":{"name":"(anonymous_29)","decl":{"start":{"line":268,"column":34},"end":{"line":268,"column":35}},"loc":{"start":{"line":268,"column":40},"end":{"line":329,"column":5}},"line":268},"30":{"name":"(anonymous_30)","decl":{"start":{"line":277,"column":19},"end":{"line":277,"column":20}},"loc":{"start":{"line":278,"column":12},"end":{"line":279,"column":109}},"line":278},"31":{"name":"(anonymous_31)","decl":{"start":{"line":279,"column":22},"end":{"line":279,"column":23}},"loc":{"start":{"line":279,"column":30},"end":{"line":279,"column":108}},"line":279},"32":{"name":"(anonymous_32)","decl":{"start":{"line":282,"column":52},"end":{"line":282,"column":53}},"loc":{"start":{"line":283,"column":12},"end":{"line":286,"column":18}},"line":283},"33":{"name":"(anonymous_33)","decl":{"start":{"line":284,"column":23},"end":{"line":284,"column":24}},"loc":{"start":{"line":284,"column":30},"end":{"line":286,"column":17}},"line":284},"34":{"name":"(anonymous_34)","decl":{"start":{"line":289,"column":45},"end":{"line":289,"column":46}},"loc":{"start":{"line":289,"column":51},"end":{"line":297,"column":9}},"line":289},"35":{"name":"(anonymous_35)","decl":{"start":{"line":294,"column":19},"end":{"line":294,"column":20}},"loc":{"start":{"line":294,"column":25},"end":{"line":296,"column":13}},"line":294},"36":{"name":"(anonymous_36)","decl":{"start":{"line":299,"column":48},"end":{"line":299,"column":49}},"loc":{"start":{"line":299,"column":54},"end":{"line":307,"column":9}},"line":299},"37":{"name":"(anonymous_37)","decl":{"start":{"line":304,"column":19},"end":{"line":304,"column":20}},"loc":{"start":{"line":304,"column":25},"end":{"line":306,"column":13}},"line":304},"38":{"name":"(anonymous_38)","decl":{"start":{"line":310,"column":44},"end":{"line":310,"column":45}},"loc":{"start":{"line":310,"column":50},"end":{"line":318,"column":9}},"line":310},"39":{"name":"(anonymous_39)","decl":{"start":{"line":315,"column":19},"end":{"line":315,"column":20}},"loc":{"start":{"line":315,"column":25},"end":{"line":317,"column":13}},"line":315},"40":{"name":"(anonymous_40)","decl":{"start":{"line":320,"column":41},"end":{"line":320,"column":42}},"loc":{"start":{"line":320,"column":47},"end":{"line":328,"column":9}},"line":320},"41":{"name":"(anonymous_41)","decl":{"start":{"line":325,"column":19},"end":{"line":325,"column":20}},"loc":{"start":{"line":325,"column":25},"end":{"line":327,"column":13}},"line":325},"42":{"name":"(anonymous_42)","decl":{"start":{"line":331,"column":30},"end":{"line":331,"column":31}},"loc":{"start":{"line":331,"column":36},"end":{"line":383,"column":5}},"line":331},"43":{"name":"(anonymous_43)","decl":{"start":{"line":341,"column":19},"end":{"line":341,"column":20}},"loc":{"start":{"line":342,"column":12},"end":{"line":344,"column":44}},"line":342},"44":{"name":"(anonymous_44)","decl":{"start":{"line":343,"column":22},"end":{"line":343,"column":23}},"loc":{"start":{"line":343,"column":30},"end":{"line":343,"column":108}},"line":343},"45":{"name":"(anonymous_45)","decl":{"start":{"line":344,"column":22},"end":{"line":344,"column":23}},"loc":{"start":{"line":344,"column":32},"end":{"line":344,"column":43}},"line":344},"46":{"name":"(anonymous_46)","decl":{"start":{"line":347,"column":52},"end":{"line":347,"column":53}},"loc":{"start":{"line":348,"column":12},"end":{"line":359,"column":18}},"line":348},"47":{"name":"(anonymous_47)","decl":{"start":{"line":349,"column":22},"end":{"line":349,"column":23}},"loc":{"start":{"line":349,"column":30},"end":{"line":359,"column":17}},"line":349},"48":{"name":"(anonymous_48)","decl":{"start":{"line":362,"column":46},"end":{"line":362,"column":47}},"loc":{"start":{"line":362,"column":52},"end":{"line":369,"column":9}},"line":362},"49":{"name":"(anonymous_49)","decl":{"start":{"line":366,"column":19},"end":{"line":366,"column":20}},"loc":{"start":{"line":366,"column":25},"end":{"line":368,"column":13}},"line":366},"50":{"name":"(anonymous_50)","decl":{"start":{"line":371,"column":42},"end":{"line":371,"column":43}},"loc":{"start":{"line":371,"column":48},"end":{"line":378,"column":9}},"line":371},"51":{"name":"(anonymous_51)","decl":{"start":{"line":375,"column":19},"end":{"line":375,"column":20}},"loc":{"start":{"line":375,"column":25},"end":{"line":377,"column":13}},"line":375},"52":{"name":"(anonymous_52)","decl":{"start":{"line":385,"column":37},"end":{"line":385,"column":38}},"loc":{"start":{"line":385,"column":43},"end":{"line":449,"column":5}},"line":385},"53":{"name":"(anonymous_53)","decl":{"start":{"line":395,"column":19},"end":{"line":395,"column":20}},"loc":{"start":{"line":396,"column":12},"end":{"line":398,"column":49}},"line":396},"54":{"name":"(anonymous_54)","decl":{"start":{"line":397,"column":22},"end":{"line":397,"column":23}},"loc":{"start":{"line":397,"column":30},"end":{"line":397,"column":108}},"line":397},"55":{"name":"(anonymous_55)","decl":{"start":{"line":398,"column":22},"end":{"line":398,"column":23}},"loc":{"start":{"line":398,"column":32},"end":{"line":398,"column":48}},"line":398},"56":{"name":"(anonymous_56)","decl":{"start":{"line":401,"column":45},"end":{"line":401,"column":46}},"loc":{"start":{"line":401,"column":51},"end":{"line":416,"column":9}},"line":401},"57":{"name":"(anonymous_57)","decl":{"start":{"line":404,"column":18},"end":{"line":404,"column":19}},"loc":{"start":{"line":404,"column":26},"end":{"line":414,"column":13}},"line":404},"58":{"name":"(anonymous_58)","decl":{"start":{"line":418,"column":42},"end":{"line":418,"column":43}},"loc":{"start":{"line":418,"column":48},"end":{"line":424,"column":9}},"line":418},"59":{"name":"(anonymous_59)","decl":{"start":{"line":421,"column":19},"end":{"line":421,"column":20}},"loc":{"start":{"line":421,"column":25},"end":{"line":423,"column":13}},"line":421},"60":{"name":"(anonymous_60)","decl":{"start":{"line":426,"column":44},"end":{"line":426,"column":45}},"loc":{"start":{"line":426,"column":50},"end":{"line":432,"column":9}},"line":426},"61":{"name":"(anonymous_61)","decl":{"start":{"line":429,"column":19},"end":{"line":429,"column":20}},"loc":{"start":{"line":429,"column":25},"end":{"line":431,"column":13}},"line":429},"62":{"name":"(anonymous_62)","decl":{"start":{"line":434,"column":48},"end":{"line":434,"column":49}},"loc":{"start":{"line":434,"column":54},"end":{"line":440,"column":9}},"line":434},"63":{"name":"(anonymous_63)","decl":{"start":{"line":437,"column":19},"end":{"line":437,"column":20}},"loc":{"start":{"line":437,"column":25},"end":{"line":439,"column":13}},"line":437},"64":{"name":"(anonymous_64)","decl":{"start":{"line":442,"column":46},"end":{"line":442,"column":47}},"loc":{"start":{"line":442,"column":52},"end":{"line":448,"column":9}},"line":442},"65":{"name":"(anonymous_65)","decl":{"start":{"line":445,"column":19},"end":{"line":445,"column":20}},"loc":{"start":{"line":445,"column":25},"end":{"line":447,"column":13}},"line":445},"66":{"name":"(anonymous_66)","decl":{"start":{"line":451,"column":29},"end":{"line":451,"column":30}},"loc":{"start":{"line":451,"column":35},"end":{"line":595,"column":5}},"line":451},"67":{"name":"(anonymous_67)","decl":{"start":{"line":461,"column":19},"end":{"line":461,"column":20}},"loc":{"start":{"line":462,"column":12},"end":{"line":466,"column":18}},"line":462},"68":{"name":"(anonymous_68)","decl":{"start":{"line":463,"column":22},"end":{"line":463,"column":23}},"loc":{"start":{"line":463,"column":30},"end":{"line":463,"column":108}},"line":463},"69":{"name":"(anonymous_69)","decl":{"start":{"line":464,"column":22},"end":{"line":464,"column":23}},"loc":{"start":{"line":464,"column":32},"end":{"line":466,"column":17}},"line":464},"70":{"name":"(anonymous_70)","decl":{"start":{"line":468,"column":45},"end":{"line":468,"column":46}},"loc":{"start":{"line":468,"column":51},"end":{"line":482,"column":9}},"line":468},"71":{"name":"(anonymous_71)","decl":{"start":{"line":475,"column":18},"end":{"line":475,"column":19}},"loc":{"start":{"line":475,"column":26},"end":{"line":480,"column":13}},"line":475},"72":{"name":"(anonymous_72)","decl":{"start":{"line":484,"column":45},"end":{"line":484,"column":46}},"loc":{"start":{"line":484,"column":51},"end":{"line":494,"column":9}},"line":484},"73":{"name":"(anonymous_73)","decl":{"start":{"line":490,"column":19},"end":{"line":490,"column":20}},"loc":{"start":{"line":490,"column":25},"end":{"line":492,"column":13}},"line":490},"74":{"name":"(anonymous_74)","decl":{"start":{"line":496,"column":48},"end":{"line":496,"column":49}},"loc":{"start":{"line":496,"column":54},"end":{"line":506,"column":9}},"line":496},"75":{"name":"(anonymous_75)","decl":{"start":{"line":502,"column":19},"end":{"line":502,"column":20}},"loc":{"start":{"line":502,"column":25},"end":{"line":504,"column":13}},"line":502},"76":{"name":"(anonymous_76)","decl":{"start":{"line":508,"column":44},"end":{"line":508,"column":45}},"loc":{"start":{"line":508,"column":50},"end":{"line":518,"column":9}},"line":508},"77":{"name":"(anonymous_77)","decl":{"start":{"line":514,"column":19},"end":{"line":514,"column":20}},"loc":{"start":{"line":514,"column":25},"end":{"line":516,"column":13}},"line":514},"78":{"name":"(anonymous_78)","decl":{"start":{"line":520,"column":52},"end":{"line":520,"column":53}},"loc":{"start":{"line":520,"column":58},"end":{"line":530,"column":9}},"line":520},"79":{"name":"(anonymous_79)","decl":{"start":{"line":526,"column":19},"end":{"line":526,"column":20}},"loc":{"start":{"line":526,"column":25},"end":{"line":528,"column":13}},"line":526},"80":{"name":"(anonymous_80)","decl":{"start":{"line":532,"column":41},"end":{"line":532,"column":42}},"loc":{"start":{"line":532,"column":47},"end":{"line":542,"column":9}},"line":532},"81":{"name":"(anonymous_81)","decl":{"start":{"line":538,"column":19},"end":{"line":538,"column":20}},"loc":{"start":{"line":538,"column":25},"end":{"line":540,"column":13}},"line":538},"82":{"name":"(anonymous_82)","decl":{"start":{"line":544,"column":44},"end":{"line":544,"column":45}},"loc":{"start":{"line":544,"column":50},"end":{"line":554,"column":9}},"line":544},"83":{"name":"(anonymous_83)","decl":{"start":{"line":550,"column":19},"end":{"line":550,"column":20}},"loc":{"start":{"line":550,"column":25},"end":{"line":552,"column":13}},"line":550},"84":{"name":"(anonymous_84)","decl":{"start":{"line":556,"column":48},"end":{"line":556,"column":49}},"loc":{"start":{"line":556,"column":54},"end":{"line":566,"column":9}},"line":556},"85":{"name":"(anonymous_85)","decl":{"start":{"line":562,"column":19},"end":{"line":562,"column":20}},"loc":{"start":{"line":562,"column":25},"end":{"line":564,"column":13}},"line":562},"86":{"name":"(anonymous_86)","decl":{"start":{"line":568,"column":48},"end":{"line":568,"column":49}},"loc":{"start":{"line":568,"column":54},"end":{"line":579,"column":9}},"line":568},"87":{"name":"(anonymous_87)","decl":{"start":{"line":575,"column":19},"end":{"line":575,"column":20}},"loc":{"start":{"line":575,"column":25},"end":{"line":577,"column":13}},"line":575},"88":{"name":"(anonymous_88)","decl":{"start":{"line":581,"column":48},"end":{"line":581,"column":49}},"loc":{"start":{"line":581,"column":54},"end":{"line":592,"column":9}},"line":581},"89":{"name":"(anonymous_89)","decl":{"start":{"line":588,"column":19},"end":{"line":588,"column":20}},"loc":{"start":{"line":588,"column":25},"end":{"line":590,"column":13}},"line":588},"90":{"name":"(anonymous_90)","decl":{"start":{"line":597,"column":29},"end":{"line":597,"column":30}},"loc":{"start":{"line":597,"column":35},"end":{"line":639,"column":5}},"line":597},"91":{"name":"(anonymous_91)","decl":{"start":{"line":607,"column":19},"end":{"line":607,"column":20}},"loc":{"start":{"line":608,"column":12},"end":{"line":612,"column":18}},"line":608},"92":{"name":"(anonymous_92)","decl":{"start":{"line":609,"column":22},"end":{"line":609,"column":23}},"loc":{"start":{"line":609,"column":30},"end":{"line":609,"column":108}},"line":609},"93":{"name":"(anonymous_93)","decl":{"start":{"line":610,"column":22},"end":{"line":610,"column":23}},"loc":{"start":{"line":610,"column":32},"end":{"line":612,"column":17}},"line":610},"94":{"name":"(anonymous_94)","decl":{"start":{"line":615,"column":44},"end":{"line":615,"column":45}},"loc":{"start":{"line":615,"column":50},"end":{"line":620,"column":9}},"line":615},"95":{"name":"(anonymous_95)","decl":{"start":{"line":617,"column":18},"end":{"line":617,"column":19}},"loc":{"start":{"line":617,"column":26},"end":{"line":619,"column":13}},"line":617},"96":{"name":"(anonymous_96)","decl":{"start":{"line":622,"column":46},"end":{"line":622,"column":47}},"loc":{"start":{"line":622,"column":52},"end":{"line":629,"column":9}},"line":622},"97":{"name":"(anonymous_97)","decl":{"start":{"line":626,"column":19},"end":{"line":626,"column":20}},"loc":{"start":{"line":626,"column":25},"end":{"line":628,"column":13}},"line":626},"98":{"name":"(anonymous_98)","decl":{"start":{"line":631,"column":42},"end":{"line":631,"column":43}},"loc":{"start":{"line":631,"column":48},"end":{"line":638,"column":9}},"line":631},"99":{"name":"(anonymous_99)","decl":{"start":{"line":635,"column":19},"end":{"line":635,"column":20}},"loc":{"start":{"line":635,"column":25},"end":{"line":637,"column":13}},"line":635},"100":{"name":"(anonymous_100)","decl":{"start":{"line":641,"column":31},"end":{"line":641,"column":32}},"loc":{"start":{"line":641,"column":37},"end":{"line":861,"column":5}},"line":641},"101":{"name":"(anonymous_101)","decl":{"start":{"line":652,"column":19},"end":{"line":652,"column":20}},"loc":{"start":{"line":653,"column":12},"end":{"line":657,"column":18}},"line":653},"102":{"name":"(anonymous_102)","decl":{"start":{"line":654,"column":22},"end":{"line":654,"column":23}},"loc":{"start":{"line":654,"column":30},"end":{"line":654,"column":108}},"line":654},"103":{"name":"(anonymous_103)","decl":{"start":{"line":655,"column":22},"end":{"line":655,"column":23}},"loc":{"start":{"line":655,"column":32},"end":{"line":657,"column":17}},"line":655},"104":{"name":"(anonymous_104)","decl":{"start":{"line":659,"column":45},"end":{"line":659,"column":46}},"loc":{"start":{"line":659,"column":51},"end":{"line":671,"column":9}},"line":659},"105":{"name":"(anonymous_105)","decl":{"start":{"line":668,"column":22},"end":{"line":668,"column":23}},"loc":{"start":{"line":668,"column":37},"end":{"line":670,"column":13}},"line":668},"106":{"name":"(anonymous_106)","decl":{"start":{"line":673,"column":46},"end":{"line":673,"column":47}},"loc":{"start":{"line":673,"column":52},"end":{"line":685,"column":9}},"
[...]
}],"line":412},"85":{"loc":{"start":{"line":419,"column":4},"end":{"line":419,"column":75}},"type":"if","locations":[{"start":{"line":419,"column":4},"end":{"line":419,"column":75}},{"start":{"line":419,"column":4},"end":{"line":419,"column":75}}],"line":419},"86":{"loc":{"start":{"line":419,"column":8},"end":{"line":419,"column":41}},"type":"binary-expr","locations":[{"start":{"line":419,"column":8},"end":{"line":419,"column":17}},{"start":{"line":419,"column":21},"end":{"line":419,"column":41}}],"line":419},"87":{"loc":{"start":{"line":437,"column":4},"end":{"line":437,"column":81}},"type":"if","locations":[{"start":{"line":437,"column":4},"end":{"line":437,"column":81}},{"start":{"line":437,"column":4},"end":{"line":437,"column":81}}],"line":437},"88":{"loc":{"start":{"line":439,"column":4},"end":{"line":439,"column":69}},"type":"if","locations":[{"start":{"line":439,"column":4},"end":{"line":439,"column":69}},{"start":{"line":439,"column":4},"end":{"line":439,"column":69}}],"line":439},"89":{"loc":{"start":{"line":441,"column":4},"end":{"line":441,"column":83}},"type":"if","locations":[{"start":{"line":441,"column":4},"end":{"line":441,"column":83}},{"start":{"line":441,"column":4},"end":{"line":441,"column":83}}],"line":441},"90":{"loc":{"start":{"line":443,"column":4},"end":{"line":443,"column":71}},"type":"if","locations":[{"start":{"line":443,"column":4},"end":{"line":443,"column":71}},{"start":{"line":443,"column":4},"end":{"line":443,"column":71}}],"line":443},"91":{"loc":{"start":{"line":445,"column":4},"end":{"line":445,"column":77}},"type":"if","locations":[{"start":{"line":445,"column":4},"end":{"line":445,"column":77}},{"start":{"line":445,"column":4},"end":{"line":445,"column":77}}],"line":445},"92":{"loc":{"start":{"line":447,"column":4},"end":{"line":447,"column":65}},"type":"if","locations":[{"start":{"line":447,"column":4},"end":{"line":447,"column":65}},{"start":{"line":447,"column":4},"end":{"line":447,"column":65}}],"line":447},"93":{"loc":{"start":{"line":453,"column":6},"end":{"line":453,"column":74}},"type":"if","locations":[{"start":{"line":453,"column":6},"end":{"line":453,"column":74}},{"start":{"line":453,"column":6},"end":{"line":453,"column":74}}],"line":453},"94":{"loc":{"start":{"line":457,"column":6},"end":{"line":457,"column":65}},"type":"if","locations":[{"start":{"line":457,"column":6},"end":{"line":457,"column":65}},{"start":{"line":457,"column":6},"end":{"line":457,"column":65}}],"line":457},"95":{"loc":{"start":{"line":478,"column":4},"end":{"line":478,"column":81}},"type":"if","locations":[{"start":{"line":478,"column":4},"end":{"line":478,"column":81}},{"start":{"line":478,"column":4},"end":{"line":478,"column":81}}],"line":478},"96":{"loc":{"start":{"line":480,"column":4},"end":{"line":480,"column":69}},"type":"if","locations":[{"start":{"line":480,"column":4},"end":{"line":480,"column":69}},{"start":{"line":480,"column":4},"end":{"line":480,"column":69}}],"line":480},"97":{"loc":{"start":{"line":482,"column":4},"end":{"line":482,"column":93}},"type":"if","locations":[{"start":{"line":482,"column":4},"end":{"line":482,"column":93}},{"start":{"line":482,"column":4},"end":{"line":482,"column":93}}],"line":482},"98":{"loc":{"start":{"line":484,"column":4},"end":{"line":484,"column":81}},"type":"if","locations":[{"start":{"line":484,"column":4},"end":{"line":484,"column":81}},{"start":{"line":484,"column":4},"end":{"line":484,"column":81}}],"line":484},"99":{"loc":{"start":{"line":494,"column":6},"end":{"line":494,"column":65}},"type":"if","locations":[{"start":{"line":494,"column":6},"end":{"line":494,"column":65}},{"start":{"line":494,"column":6},"end":{"line":494,"column":65}}],"line":494},"100":{"loc":{"start":{"line":498,"column":6},"end":{"line":498,"column":79}},"type":"if","locations":[{"start":{"line":498,"column":6},"end":{"line":498,"column":79}},{"start":{"line":498,"column":6},"end":{"line":498,"column":79}}],"line":498},"101":{"loc":{"start":{"line":523,"column":4},"end":{"line":523,"column":81}},"type":"if","locations":[{"start":{"line":523,"column":4},"end":{"line":523,"column":81}},{"start":{"line":523,"column":4},"end":{"line":523,"column":81}}],"line":523},"102":{"loc":{"start":{"line":525,"column":4},"end":{"line":525,"column":69}},"type":"if","locations":[{"start":{"line":525,"column":4},"end":{"line":525,"column":69}},{"start":{"line":525,"column":4},"end":{"line":525,"column":69}}],"line":525},"103":{"loc":{"start":{"line":527,"column":4},"end":{"line":527,"column":93}},"type":"if","locations":[{"start":{"line":527,"column":4},"end":{"line":527,"column":93}},{"start":{"line":527,"column":4},"end":{"line":527,"column":93}}],"line":527},"104":{"loc":{"start":{"line":529,"column":4},"end":{"line":529,"column":81}},"type":"if","locations":[{"start":{"line":529,"column":4},"end":{"line":529,"column":81}},{"start":{"line":529,"column":4},"end":{"line":529,"column":81}}],"line":529},"105":{"loc":{"start":{"line":531,"column":4},"end":{"line":531,"column":87}},"type":"if","locations":[{"start":{"line":531,"column":4},"end":{"line":531,"column":87}},{"start":{"line":531,"column":4},"end":{"line":531,"column":87}}],"line":531},"106":{"loc":{"start":{"line":533,"column":4},"end":{"line":533,"column":75}},"type":"if","locations":[{"start":{"line":533,"column":4},"end":{"line":533,"column":75}},{"start":{"line":533,"column":4},"end":{"line":533,"column":75}}],"line":533},"107":{"loc":{"start":{"line":540,"column":6},"end":{"line":540,"column":65}},"type":"if","locations":[{"start":{"line":540,"column":6},"end":{"line":540,"column":65}},{"start":{"line":540,"column":6},"end":{"line":540,"column":65}}],"line":540},"108":{"loc":{"start":{"line":544,"column":6},"end":{"line":544,"column":79}},"type":"if","locations":[{"start":{"line":544,"column":6},"end":{"line":544,"column":79}},{"start":{"line":544,"column":6},"end":{"line":544,"column":79}}],"line":544},"109":{"loc":{"start":{"line":548,"column":6},"end":{"line":548,"column":74}},"type":"if","locations":[{"start":{"line":548,"column":6},"end":{"line":548,"column":74}},{"start":{"line":548,"column":6},"end":{"line":548,"column":74}}],"line":548},"110":{"loc":{"start":{"line":564,"column":4},"end":{"line":564,"column":81}},"type":"if","locations":[{"start":{"line":564,"column":4},"end":{"line":564,"column":81}},{"start":{"line":564,"column":4},"end":{"line":564,"column":81}}],"line":564},"111":{"loc":{"start":{"line":566,"column":4},"end":{"line":566,"column":69}},"type":"if","locations":[{"start":{"line":566,"column":4},"end":{"line":566,"column":69}},{"start":{"line":566,"column":4},"end":{"line":566,"column":69}}],"line":566},"112":{"loc":{"start":{"line":568,"column":4},"end":{"line":568,"column":83}},"type":"if","locations":[{"start":{"line":568,"column":4},"end":{"line":568,"column":83}},{"start":{"line":568,"column":4},"end":{"line":568,"column":83}}],"line":568},"113":{"loc":{"start":{"line":570,"column":4},"end":{"line":570,"column":71}},"type":"if","locations":[{"start":{"line":570,"column":4},"end":{"line":570,"column":71}},{"start":{"line":570,"column":4},"end":{"line":570,"column":71}}],"line":570},"114":{"loc":{"start":{"line":575,"column":6},"end":{"line":575,"column":65}},"type":"if","locations":[{"start":{"line":575,"column":6},"end":{"line":575,"column":65}},{"start":{"line":575,"column":6},"end":{"line":575,"column":65}}],"line":575},"115":{"loc":{"start":{"line":579,"column":6},"end":{"line":579,"column":69}},"type":"if","locations":[{"start":{"line":579,"column":6},"end":{"line":579,"column":69}},{"start":{"line":579,"column":6},"end":{"line":579,"column":69}}],"line":579},"116":{"loc":{"start":{"line":583,"column":10},"end":{"line":584,"column":43}},"type":"if","locations":[{"start":{"line":583,"column":10},"end":{"line":584,"column":43}},{"start":{"line":583,"column":10},"end":{"line":584,"column":43}}],"line":583},"117":{"loc":{"start":{"line":589,"column":10},"end":{"line":590,"column":46}},"type":"if","locations":[{"start":{"line":589,"column":10},"end":{"line":590,"column":46}},{"start":{"line":589,"column":10},"end":{"line":590,"column":46}}],"line":589},"118":{"loc":{"start":{"line":604,"column":4},"end":{"line":604,"column":81}},"type":"if","locations":[{"start":{"line":604,"column":4},"end":{"line":604,"column":81}},{"start":{"line":604,"column":4},"end":{"line":604,"column":81}}],"line":604},"119":{"loc":{"start":{"line":606,"column":4},"end":{"line":606,"column":69}},"type":"if","locations":[{"start":{"line":606,"column":4},"end":{"line":606,"column":69}},{"start":{"line":606,"column":4},"end":{"line":606,"column":69}}],"line":606},"120":{"loc":{"start":{"line":608,"column":4},"end":{"line":608,"column":79}},"type":"if","locations":[{"start":{"line":608,"column":4},"end":{"line":608,"column":79}},{"start":{"line":608,"column":4},"end":{"line":608,"column":79}}],"line":608},"121":{"loc":{"start":{"line":610,"column":4},"end":{"line":610,"column":67}},"type":"if","locations":[{"start":{"line":610,"column":4},"end":{"line":610,"column":67}},{"start":{"line":610,"column":4},"end":{"line":610,"column":67}}],"line":610},"122":{"loc":{"start":{"line":619,"column":6},"end":{"line":619,"column":65}},"type":"if","locations":[{"start":{"line":619,"column":6},"end":{"line":619,"column":65}},{"start":{"line":619,"column":6},"end":{"line":619,"column":65}}],"line":619}},"s":{"0":1,"1":1,"2":1,"3":1,"4":13,"5":1,"6":12,"7":1,"8":11,"9":1,"10":10,"11":1,"12":9,"13":0,"14":9,"15":0,"16":9,"17":1,"18":8,"19":1,"20":7,"21":1,"22":6,"23":1,"24":5,"25":1,"26":4,"27":1,"28":3,"29":1,"30":2,"31":1,"32":1,"33":0,"34":1,"35":0,"36":1,"37":0,"38":1,"39":1,"40":1,"41":0,"42":1,"43":1,"44":1,"45":5,"46":1,"47":4,"48":1,"49":3,"50":1,"51":2,"52":1,"53":1,"54":1,"55":1,"56":0,"57":1,"58":1,"59":0,"60":1,"61":1,"62":3,"63":1,"64":2,"65":1,"66":1,"67":1,"68":1,"69":0,"70":1,"71":1,"72":1,"73":5,"74":1,"75":4,"76":1,"77":3,"78":1,"79":2,"80":1,"81":1,"82":1,"83":1,"84":0,"85":1,"86":1,"87":1,"88":0,"89":0,"90":0,"91":10,"92":1,"93":9,"94":1,"95":8,"96":1,"97":7,"98":1,"99":6,"100":1,"101":5,"102":1,"103":4,"104":1,"105":3,"106":1,"107":2,"108":1,"109":1,"110":1,"111":1,"112":0,"113":1,"114":0,"115":1,"116":0,"117":1,"118":0,"119":1,"120":0,"121":1,"122":0,"123":1,"124":0,"125":1,"126":3,"127":1,"128":2,"129":1,"130":1,"131":1,"132":1,"133":0,"134":1,"135":1,"136":1,"137":15,"138":1,"139":14,"140":1,"141":13,"142":1,"143":12,"144":1,"145":11,"146":1,"147":10,"148":1,"149":9,"150":1,"151":8,"152":1,"153":7,"154":1,"155":6,"156":1,"157":5,"158":1,"159":4,"160":1,"161":3,"162":1,"163":2,"164":1,"165":1,"166":1,"167":1,"168":0,"169":1,"170":1,"171":1,"172":1,"173":1,"174":1,"175":1,"176":1,"177":1,"178":1,"179":1,"180":5,"181":1,"182":4,"183":1,"184":3,"185":1,"186":2,"187":1,"188":1,"189":1,"190":1,"191":0,"192":1,"193":1,"194":0,"195":1,"196":1,"197":1,"198":0,"199":0,"200":5,"201":1,"202":4,"203":1,"204":3,"205":1,"206":2,"207":1,"208":1,"209":1,"210":1,"211":0,"212":1,"213":1,"214":0,"215":1,"216":1,"217":1,"218":1,"219":1,"220":5,"221":1,"222":4,"223":1,"224":3,"225":1,"226":2,"227":1,"228":1,"229":1,"230":1,"231":0,"232":1,"233":1,"234":0,"235":1,"236":1,"237":1,"238":1,"239":1,"240":7,"241":1,"242":6,"243":1,"244":5,"245":1,"246":4,"247":1,"248":3,"249":1,"250":2,"251":1,"252":1,"253":1,"254":1,"255":0,"256":1,"257":1,"258":0,"259":1,"260":1,"261":1,"262":1,"263":1,"264":4,"265":1,"266":3,"267":1,"268":2,"269":0,"270":2,"271":1,"272":1,"273":1,"274":1,"275":0,"276":1,"277":1,"278":0,"279":1,"280":1,"281":1,"282":1,"283":1,"284":1,"285":1,"286":0,"287":1,"288":0,"289":1,"290":0,"291":1,"292":0,"293":1,"294":0,"295":1,"296":0,"297":1,"298":1,"299":1,"300":0,"301":1,"302":1,"303":0,"304":1,"305":1,"306":0,"307":1,"308":1,"309":1,"310":1,"311":0,"312":1,"313":0,"314":1,"315":0,"316":1,"317":0,"318":1,"319":1,"320":1,"321":0,"322":1,"323":1,"324":0,"325":1,"326":0,"327":1,"328":1,"329":0,"330":1,"331":1,"332":0,"333":1,"334":1,"335":0,"336":1,"337":1,"338":1,"339":5,"340":1,"341":4,"342":1,"343":3,"344":1,"345":2,"346":1,"347":1,"348":1,"349":1,"350":0,"351":1,"352":1},"f":{"0":13,"1":1,"2":5,"3":1,"4":3,"5":1,"6":5,"7":1,"8":10,"9":1,"10":3,"11":1,"12":15,"13":1,"14":5,"15":1,"16":5,"17":1,"18":1,"19":5,"20":1,"21":1,"22":7,"23":1,"24":4,"25":1,"26":1,"27":1,"28":1,"29":1,"30":1,"31":0,"32":0,"33":5,"34":1},"b":{"0":[1,12],"1":[1,11],"2":[1,10],"3":[1,9],"4":[0,9],"5":[0,9],"6":[1,8],"7":[1,7],"8":[8,7],"9":[1,6],"10":[1,5],"11":[1,4],"12":[1,3],"13":[1,2],"14":[1,1],"15":[0,1],"16":[0,1],"17":[0,1],"18":[0,1],"19":[1,4],"20":[1,3],"21":[1,2],"22":[1,1],"23":[0,1],"24":[0,1],"25":[1,2],"26":[1,1],"27":[0,1],"28":[1,4],"29":[1,3],"30":[1,2],"31":[1,1],"32":[0,1],"33":[1,0],"34":[1,9],"35":[1,8],"36":[1,7],"37":[1,6],"38":[1,5],"39":[1,4],"40":[1,3],"41":[1,2],"42":[1,1],"43":[0,1],"44":[0,1],"45":[0,1],"46":[0,1],"47":[0,1],"48":[0,1],"49":[0,1],"50":[1,2],"51":[1,1],"52":[0,1],"53":[1,14],"54":[1,13],"55":[1,12],"56":[1,11],"57":[1,10],"58":[1,9],"59":[1,8],"60":[1,7],"61":[1,6],"62":[1,5],"63":[1,4],"64":[1,3],"65":[1,2],"66":[1,1],"67":[0,1],"68":[1,4],"69":[1,3],"70":[1,2],"71":[1,1],"72":[0,1],"73":[0,1],"74":[1,4],"75":[1,3],"76":[1,2],"77":[1,1],"78":[0,1],"79":[0,1],"80":[1,4],"81":[1,3],"82":[1,2],"83":[1,1],"84":[0,1],"85":[0,1],"86":[1,1],"87":[1,6],"88":[1,5],"89":[1,4],"90":[1,3],"91":[1,2],"92":[1,1],"93":[0,1],"94":[0,1],"95":[1,3],"96":[1,2],"97":[0,2],"98":[1,1],"99":[0,1],"100":[0,1],"101":[0,1],"102":[0,1],"103":[0,1],"104":[0,1],"105":[0,1],"106":[0,1],"107":[0,1],"108":[0,1],"109":[0,1],"110":[0,1],"111":[0,1],"112":[0,1],"113":[0,1],"114":[0,1],"115":[0,1],"116":[1,0],"117":[1,0],"118":[1,4],"119":[1,3],"120":[1,2],"121":[1,1],"122":[0,1]},"_coverageSchema":"43e27e138ebf9cfc5966b082cf9a028302ed4184","hash":"ff9b358f57d45f99ff3bae918afe4ddbd7a82cd2","contentHash":"9b7029a5ed3dd2e5e8e810cba9b044279295735529881aa7596052f93eeaf34a"},"/Users/tachi/Desktop/bootcamp/collab/skylab-bootcamp-201901/staff/tachi-fernandez/TimeTo/TimeTo-api/src/errors/index.js":{"path":"/Users/tachi/Desktop/bootcamp/collab/skylab-bootcamp-201901/staff/tachi-fernandez/TimeTo/TimeTo-api/src/errors/index.js","statementMap":{"0":{"start":{"line":1,"column":0},"end":{"line":3,"column":1}}},"fnMap":{},"branchMap":{},"s":{"0":1},"f":{},"b":{},"_coverageSchema":"43e27e138ebf9cfc5966b082cf9a028302ed4184","hash":"aa16590353e0769b521d207e3787b316688ba2fb","contentHash":"68174435dfd8a6a7f6bbd633abf3c494767e7ed8332a7bdda7ee57be2744b344"},"/Users/tachi/Desktop/bootcamp/collab/skylab-bootcamp-201901/staff/tachi-fernandez/TimeTo/TimeTo-api/src/errors/empty-error.js":{"path":"/Users/tachi/Desktop/bootcamp/collab/skylab-bootcamp-201901/staff/tachi-fernandez/TimeTo/TimeTo-api/src/errors/empty-error.js","statementMap":{"0":{"start":{"line":5,"column":8},"end":{"line":5,"column":29}},"1":{"start":{"line":7,"column":8},"end":{"line":8,"column":53}},"2":{"start":{"line":8,"column":12},"end":{"line":8,"column":53}},"3":{"start":{"line":12,"column":0},"end":{"line":12,"column":27}}},"fnMap":{"0":{"name":"(anonymous_0)","decl":{"start":{"line":4,"column":4},"end":{"line":4,"column":5}},"loc":{"start":{"line":4,"column":32},"end":{"line":9,"column":5}},"line":4}},"branchMap":{"0":{"loc":{"start":{"line":7,"column":8},"end":{"line":8,"column":53}},"type":"if","locations":[{"start":{"line":7,"column":8},"end":{"line":8,"column":53}},{"start":{"line":7,"column":8},"end":{"line":8,"column":53}}],"line":7}},"s":{"0":0,"1":0,"2":0,"3":1},"f":{"0":0},"b":{"0":[0,0]},"_coverageSchema":"43e27e138ebf9cfc5966b082cf9a028302ed4184","hash":"5daa4d61b2404855f3b2a6bd73271d6fbe6363a5","contentHash":"2a6f5595d3f12d3f0adfe6e571262ba637ee1354a98c75f4723839ccabbf5a8e"},"/Users/tachi/Desktop/bootcamp/collab/skylab-bootcamp-201901/staff/tachi-fernandez/TimeTo/TimeTo-api/src/token-helper/index.spec.js":{"path":"/Users/tachi/Desktop/bootcamp/collab/skylab-bootcamp-201901/staff/tachi-fernandez/TimeTo/TimeTo-api/src/token-helper/index.spec.js","statementMap":{},"fnMap":{},"branchMap":{},"s":{},"f":{},"b":{},"_coverageSchema":"43e27e138ebf9cfc5966b082cf9a028302ed4184","hash":"915a6dcdcbd550c0e79b28240d76fd695ad962bd","contentHash":"30cdf9fbe7ffb6f8e104ce352e2656f105b3af13e58c0438a2e29fa0ab9caed2"},"/Users/tachi/Desktop/bootcamp/collab/skylab-bootcamp-201901/staff/tachi-fernandez/TimeTo/TimeTo-api/src/errors/data-error.spec.js":{"path":"/Users/tachi/Desktop/bootcamp/collab/skylab-bootcamp-201901/staff/tachi-fernandez/TimeTo/TimeTo-api/src/errors/data-error.spec.js","statementMap":{},"fnMap":{},"branchMap":{},"s":{},"f":{},"b":{},"_coverageSchema":"43e27e138ebf9cfc5966b082cf9a028302ed4184","hash":"6d889289399c22ded5a8babeb74a41ac19f1fc18","contentHash":"306827c574dbdd66789446e2f528817972fcc3878e5017bc7a281c8e277250ef"},"/Users/tachi/Desktop/bootcamp/collab/skylab-bootcamp-201901/staff/tachi-fernandez/TimeTo/TimeTo-api/src/errors/duplicate-error.spec.js":{"path":"/Users/tachi/Desktop/bootcamp/collab/skylab-bootcamp-201901/staff/tachi-fernandez/TimeTo/TimeTo-api/src/errors/duplicate-error.spec.js","statementMap":{},"fnMap":{},"branchMap":{},"s":{},"f":{},"b":{},"_coverageSchema":"43e27e138ebf9cfc5966b082cf9a028302ed4184","hash":"94da79dc4e0953127e4ff88f8461246771942064","contentHash":"7226bbef1883965e35984d1d0ea31a65b55026c33854b20457e48834e7d407aa"},"/Users/tachi/Desktop/bootcamp/collab/skylab-bootcamp-201901/staff/tachi-fernandez/TimeTo/TimeTo-api/src/errors/auth-error.spec.js":{"path":"/Users/tachi/Desktop/bootcamp/collab/skylab-bootcamp-201901/staff/tachi-fernandez/TimeTo/TimeTo-api/src/errors/auth-error.spec.js","statementMap":{},"fnMap":{},"branchMap":{},"s":{},"f":{},"b":{},"_coverageSchema":"43e27e138ebf9cfc5966b082cf9a028302ed4184","hash":"fc69db00756e3a7ee6a050a5863d2e9fe72eba43","contentHash":"9dc9c33259afb118244d877c1d07b7fcad35be8170ee36b93514aa06e8aee730"},"/Users/tachi/Desktop/bootcamp/collab/skylab-bootcamp-201901/staff/tachi-fernandez/TimeTo/TimeTo-api/src/errors/empty-error.spec.js":{"path":"/Users/tachi/Desktop/bootcamp/collab/skylab-bootcamp-201901/staff/tachi-fernandez/TimeTo/TimeTo-api/src/errors/empty-error.spec.js","statementMap":{},"fnMap":{},"branchMap":{},"s":{},"f":{},"b":{},"_coverageSchema":"43e27e138ebf9cfc5966b082cf9a028302ed4184","hash":"9dc96d7e7c4127590d2f36ca91b2edc1e49f8294","contentHash":"e64db5109816c0a3ccd4e8745c09ca86ebbcf7059dbf25d8c672efecfe38bbcb"},"/Users/tachi/Desktop/bootcamp/collab/skylab-bootcamp-201901/staff/tachi-fernandez/TimeTo/TimeTo-api/src/errors/matching-error.spec.js":{"path":"/Users/tachi/Desktop/bootcamp/collab/skylab-bootcamp-201901/staff/tachi-fernandez/TimeTo/TimeTo-api/src/errors/matching-error.spec.js","statementMap":{},"fnMap":{},"branchMap":{},"s":{},"f":{},"b":{},"_coverageSchema":"43e27e138ebf9cfc5966b082cf9a028302ed4184","hash":"59b2e50d756d4b29747d6bb14534d56a6a8036da","contentHash":"616db7fbd055d5816ae8d6adbbabb647a637b184fd27d4dd3d0ec3ecf30b2bee"},"/Users/tachi/Desktop/bootcamp/collab/skylab-bootcamp-201901/staff/tachi-fernandez/TimeTo/TimeTo-api/src/errors/not-found-error.spec.js":{"path":"/Users/tachi/Desktop/bootcamp/collab/skylab-bootcamp-201901/staff/tachi-fernandez/TimeTo/TimeTo-api/src/errors/not-found-error.spec.js","statementMap":{},"fnMap":{},"branchMap":{},"s":{},"f":{},"b":{},"_coverageSchema":"43e27e138ebf9cfc5966b082cf9a028302ed4184","hash":"844ebb4794a4dd2171e7942e006b9788563fcc9a","contentHash":"420203daf4cc95ea900f21fb4c36113cbf9a512134b54b24be6bac3e3a9f6b49"},"/Users/tachi/Desktop/bootcamp/collab/skylab-bootcamp-201901/staff/tachi-fernandez/TimeTo/TimeTo-api/src/routes/error-helper/index.spec.js":{"path":"/Users/tachi/Desktop/bootcamp/collab/skylab-bootcamp-201901/staff/tachi-fernandez/TimeTo/TimeTo-api/src/routes/error-helper/index.spec.js","statementMap":{},"fnMap":{},"branchMap":{},"s":{},"f":{},"b":{},"_coverageSchema":"43e27e138ebf9cfc5966b082cf9a028302ed4184","hash":"482482bec33eadc639e9592b4b2e28f31233f1b0","contentHash":"690826143d44087fef7e5eb1474520ed081ff37150c32faa14f2ef7f0b90a9f7"}}